TN:
SF:src\middleware.ts
FN:11,middleware
FN:59,(anonymous_4)
FN:62,(anonymous_5)
FN:63,(anonymous_6)
FN:67,(anonymous_7)
FNF:5
FNH:0
FNDA:0,middleware
FNDA:0,(anonymous_4)
FNDA:0,(anonymous_5)
FNDA:0,(anonymous_6)
FNDA:0,(anonymous_7)
DA:1,0
DA:2,0
DA:3,0
DA:6,0
DA:7,0
DA:8,0
DA:9,0
DA:11,0
DA:12,0
DA:14,0
DA:19,0
DA:20,0
DA:37,0
DA:38,0
DA:39,0
DA:42,0
DA:43,0
DA:46,0
DA:51,0
DA:52,0
DA:54,0
DA:60,0
DA:63,0
DA:64,0
DA:67,0
DA:68,0
DA:77,0
DA:80,0
DA:81,0
DA:84,0
DA:90,0
DA:92,0
DA:93,0
DA:108,0
DA:109,0
DA:112,0
DA:113,0
DA:127,0
DA:130,0
LF:39
LH:0
BRDA:19,0,0,0
BRDA:23,1,0,0
BRDA:23,1,1,0
BRDA:38,2,0,0
BRDA:42,3,0,0
BRDA:80,4,0,0
BRDA:81,5,0,0
BRDA:81,5,1,0
BRDA:92,6,0,0
BRDA:92,7,0,0
BRDA:92,7,1,0
BRDA:98,8,0,0
BRDA:98,8,1,0
BRDA:99,9,0,0
BRDA:99,9,1,0
BRDA:103,10,0,0
BRDA:103,10,1,0
BRDA:112,11,0,0
BRDA:112,12,0,0
BRDA:112,12,1,0
BRDA:112,12,2,0
BRDA:118,13,0,0
BRDA:118,13,1,0
BRDA:119,14,0,0
BRDA:119,14,1,0
BRDA:121,15,0,0
BRDA:121,15,1,0
BRF:27
BRH:0
end_of_record
TN:
SF:src\app\layout.tsx
FN:46,RootLayout
FNF:1
FNH:0
FNDA:0,RootLayout
DA:2,0
DA:3,0
DA:4,0
DA:5,0
DA:6,0
DA:8,0
DA:10,0
DA:18,0
DA:46,0
LF:9
LH:0
BRF:0
BRH:0
end_of_record
TN:
SF:src\app\page-content.tsx
FN:17,ActionCard
FN:18,(anonymous_3)
FN:44,PageContent
FN:61,(anonymous_5)
FN:80,(anonymous_6)
FN:155,(anonymous_7)
FN:160,(anonymous_8)
FN:163,(anonymous_9)
FN:164,(anonymous_10)
FN:174,(anonymous_11)
FNF:10
FNH:0
FNDA:0,ActionCard
FNDA:0,(anonymous_3)
FNDA:0,PageContent
FNDA:0,(anonymous_5)
FNDA:0,(anonymous_6)
FNDA:0,(anonymous_7)
FNDA:0,(anonymous_8)
FNDA:0,(anonymous_9)
FNDA:0,(anonymous_10)
FNDA:0,(anonymous_11)
DA:5,0
DA:6,0
DA:7,0
DA:8,0
DA:9,0
DA:12,0
DA:13,0
DA:18,0
DA:19,0
DA:20,0
DA:21,0
DA:23,0
DA:44,0
DA:45,0
DA:47,0
DA:48,0
DA:55,0
DA:58,0
DA:61,0
DA:62,0
DA:63,0
DA:64,0
DA:70,0
DA:72,0
DA:80,0
DA:81,0
DA:90,0
DA:91,0
DA:92,0
DA:97,0
DA:98,0
DA:100,0
DA:101,0
DA:102,0
DA:107,0
DA:109,0
DA:110,0
DA:155,0
DA:160,0
DA:163,0
DA:164,0
DA:174,0
LF:42
LH:0
BRDA:17,0,0,0
BRDA:20,1,0,0
BRDA:20,1,1,0
BRDA:29,2,0,0
BRDA:29,2,1,0
BRDA:38,3,0,0
BRDA:38,3,1,0
BRDA:55,4,0,0
BRDA:80,5,0,0
BRDA:90,6,0,0
BRDA:100,7,0,0
BRDA:100,8,0,0
BRDA:100,8,1,0
BRDA:122,9,0,0
BRDA:122,9,1,0
BRDA:122,10,0,0
BRDA:122,10,1,0
BRDA:130,11,0,0
BRDA:170,12,0,0
BRDA:170,12,1,0
BRDA:181,13,0,0
BRF:21
BRH:0
end_of_record
TN:
SF:src\app\page.tsx
FN:34,HomePage
FNF:1
FNH:0
FNDA:0,HomePage
DA:3,0
DA:4,0
DA:5,0
DA:34,0
LF:4
LH:0
BRF:0
BRH:0
end_of_record
TN:
SF:src\app\providers.tsx
FN:10,Providers
FN:12,(anonymous_2)
FN:39,(anonymous_3)
FN:44,(anonymous_4)
FNF:4
FNH:0
FNDA:0,Providers
FNDA:0,(anonymous_2)
FNDA:0,(anonymous_3)
FNDA:0,(anonymous_4)
DA:5,0
DA:6,0
DA:7,0
DA:8,0
DA:10,0
DA:11,0
DA:13,0
DA:30,0
DA:31,0
DA:40,0
DA:41,0
DA:45,0
DA:46,0
LF:13
LH:0
BRDA:40,0,0,0
BRDA:45,1,0,0
BRF:2
BRH:0
end_of_record
TN:
SF:src\app\viewport.ts
FNF:0
FNH:0
DA:3,0
LF:1
LH:0
BRF:0
BRH:0
end_of_record
TN:
SF:src\app\admin\page.tsx
FN:3,AdminPage
FNF:1
FNH:0
FNDA:0,AdminPage
DA:1,0
DA:3,0
DA:4,0
LF:3
LH:0
BRF:0
BRH:0
end_of_record
TN:
SF:src\app\api\admin\users\route.ts
FN:24,GET
FNF:1
FNH:0
FNDA:0,GET
DA:7,0
DA:8,0
DA:9,0
DA:10,0
DA:11,0
DA:12,0
DA:18,0
DA:24,0
DA:25,0
DA:26,0
DA:28,0
DA:30,0
DA:32,0
DA:33,0
DA:37,0
DA:43,0
DA:45,0
DA:48,0
DA:50,0
DA:52,0
DA:60,0
DA:61,0
DA:68,0
DA:74,0
DA:76,0
DA:91,0
DA:95,0
DA:102,0
DA:116,0
DA:127,0
DA:153,0
DA:160,0
DA:161,0
DA:174,0
DA:186,0
DA:189,0
DA:195,0
DA:200,0
LF:38
LH:0
BRDA:32,0,0,0
BRDA:50,1,0,0
BRDA:50,2,0,0
BRDA:50,2,1,0
BRDA:54,3,0,0
BRDA:54,3,1,0
BRDA:55,4,0,0
BRDA:55,4,1,0
BRDA:56,5,0,0
BRDA:56,5,1,0
BRDA:60,6,0,0
BRDA:60,6,1,0
BRDA:74,7,0,0
BRDA:74,8,0,0
BRDA:74,8,1,0
BRDA:74,8,2,0
BRDA:82,9,0,0
BRDA:82,9,1,0
BRDA:83,10,0,0
BRDA:83,10,1,0
BRDA:86,11,0,0
BRDA:86,11,1,0
BRDA:108,12,0,0
BRDA:108,12,1,0
BRDA:109,13,0,0
BRDA:109,13,1,0
BRDA:145,14,0,0
BRDA:145,14,1,0
BRDA:150,15,0,0
BRDA:150,15,1,0
BRDA:197,16,0,0
BRDA:197,16,1,0
BRDA:204,17,0,0
BRDA:204,17,1,0
BRF:34
BRH:0
end_of_record
TN:
SF:src\app\api\admin\users\[userId]\route.ts
FN:10,DELETE
FN:43,(anonymous_5)
FN:46,(anonymous_6)
FN:49,(anonymous_7)
FN:56,(anonymous_8)
FN:82,(anonymous_9)
FN:125,(anonymous_10)
FN:133,(anonymous_11)
FNF:8
FNH:0
FNDA:0,DELETE
FNDA:0,(anonymous_5)
FNDA:0,(anonymous_6)
FNDA:0,(anonymous_7)
FNDA:0,(anonymous_8)
FNDA:0,(anonymous_9)
FNDA:0,(anonymous_10)
FNDA:0,(anonymous_11)
DA:1,0
DA:3,0
DA:4,0
DA:5,0
DA:6,0
DA:7,0
DA:8,0
DA:10,0
DA:14,0
DA:15,0
DA:16,0
DA:18,0
DA:20,0
DA:35,0
DA:37,0
DA:38,0
DA:44,0
DA:47,0
DA:50,0
DA:55,0
DA:56,0
DA:64,0
DA:66,0
DA:68,0
DA:76,0
DA:77,0
DA:81,0
DA:82,0
DA:95,0
DA:97,0
DA:99,0
DA:110,0
DA:115,0
DA:119,0
DA:125,0
DA:126,0
DA:132,0
DA:133,0
DA:143,0
DA:160,0
DA:161,0
DA:174,0
DA:180,0
DA:182,0
DA:189,0
LF:45
LH:0
BRDA:26,0,0,0
BRDA:26,0,1,0
BRDA:27,1,0,0
BRDA:27,1,1,0
BRDA:66,2,0,0
BRDA:71,3,0,0
BRDA:71,3,1,0
BRDA:72,4,0,0
BRDA:72,4,1,0
BRDA:97,5,0,0
BRDA:97,6,0,0
BRDA:97,6,1,0
BRDA:103,7,0,0
BRDA:103,7,1,0
BRDA:105,8,0,0
BRDA:105,8,1,0
BRDA:106,9,0,0
BRDA:106,9,1,0
BRDA:110,10,0,0
BRDA:110,10,1,0
BRDA:149,11,0,0
BRDA:149,11,1,0
BRDA:150,12,0,0
BRDA:150,12,1,0
BRDA:194,13,0,0
BRDA:194,13,1,0
BRF:26
BRH:0
end_of_record
TN:
SF:src\app\api\auth\check-email\route.ts
FN:9,POST
FNF:1
FNH:0
FNDA:0,POST
DA:1,0
DA:2,0
DA:3,0
DA:7,0
DA:9,0
DA:10,0
DA:11,0
DA:13,0
DA:14,0
DA:20,0
DA:23,0
DA:26,0
DA:27,0
DA:29,0
DA:32,0
DA:37,0
DA:38,0
LF:17
LH:0
BRDA:13,0,0,0
BRDA:26,1,0,0
BRF:2
BRH:0
end_of_record
TN:
SF:src\app\api\deployment-info\route.ts
FN:13,GET
FN:56,getVersion
FN:59,(anonymous_5)
FN:60,(anonymous_6)
FN:61,(anonymous_7)
FN:62,(anonymous_8)
FN:63,(anonymous_9)
FN:83,getBuildId
FN:92,getBuildTimestamp
FN:110,getEnvironment
FN:135,getGitCommit
FN:145,getBuildTime
FN:154,generateVersionFromTimestamp
FN:166,OPTIONS
FNF:14
FNH:0
FNDA:0,GET
FNDA:0,getVersion
FNDA:0,(anonymous_5)
FNDA:0,(anonymous_6)
FNDA:0,(anonymous_7)
FNDA:0,(anonymous_8)
FNDA:0,(anonymous_9)
FNDA:0,getBuildId
FNDA:0,getBuildTimestamp
FNDA:0,getEnvironment
FNDA:0,getGitCommit
FNDA:0,getBuildTime
FNDA:0,generateVersionFromTimestamp
FNDA:0,OPTIONS
DA:1,0
DA:13,0
DA:14,0
DA:16,0
DA:27,0
DA:28,0
DA:29,0
DA:30,0
DA:32,0
DA:34,0
DA:37,0
DA:58,0
DA:59,0
DA:60,0
DA:61,0
DA:62,0
DA:63,0
DA:66,0
DA:67,0
DA:68,0
DA:69,0
DA:70,0
DA:73,0
DA:77,0
DA:84,0
DA:94,0
DA:96,0
DA:97,0
DA:98,0
DA:99,0
DA:104,0
DA:112,0
DA:113,0
DA:116,0
DA:117,0
DA:121,0
DA:122,0
DA:125,0
DA:126,0
DA:129,0
DA:136,0
DA:146,0
DA:155,0
DA:156,0
DA:157,0
DA:158,0
DA:159,0
DA:160,0
DA:162,0
DA:166,0
DA:167,0
LF:51
LH:0
BRDA:41,0,0,0
BRDA:41,0,1,0
BRDA:69,1,0,0
BRDA:69,2,0,0
BRDA:69,2,1,0
BRDA:84,3,0,0
BRDA:84,3,1,0
BRDA:84,3,2,0
BRDA:94,4,0,0
BRDA:94,4,1,0
BRDA:96,5,0,0
BRDA:98,6,0,0
BRDA:112,7,0,0
BRDA:116,8,0,0
BRDA:121,9,0,0
BRDA:122,10,0,0
BRDA:122,10,1,0
BRDA:125,11,0,0
BRDA:136,12,0,0
BRDA:136,12,1,0
BRDA:136,12,2,0
BRDA:136,12,3,0
BRDA:146,13,0,0
BRDA:146,13,1,0
BRDA:146,13,2,0
BRF:25
BRH:0
end_of_record
TN:
SF:src\app\api\health\route.ts
FN:44,GET
FN:112,(anonymous_4)
FN:113,(anonymous_5)
FN:193,HEAD
FNF:4
FNH:0
FNDA:0,GET
FNDA:0,(anonymous_4)
FNDA:0,(anonymous_5)
FNDA:0,HEAD
DA:7,0
DA:8,0
DA:9,0
DA:44,0
DA:45,0
DA:46,0
DA:47,0
DA:48,0
DA:50,0
DA:52,0
DA:53,0
DA:54,0
DA:57,0
DA:58,0
DA:59,0
DA:62,0
DA:63,0
DA:64,0
DA:65,0
DA:73,0
DA:112,0
DA:113,0
DA:115,0
DA:118,0
DA:128,0
DA:129,0
DA:136,0
DA:139,0
DA:148,0
DA:150,0
DA:179,0
DA:193,0
DA:195,0
DA:196,0
DA:197,0
DA:204,0
LF:36
LH:0
BRDA:47,0,0,0
BRDA:47,0,1,0
BRDA:63,1,0,0
BRDA:63,2,0,0
BRDA:63,2,1,0
BRDA:75,3,0,0
BRDA:75,3,1,0
BRDA:76,4,0,0
BRDA:76,4,1,0
BRDA:84,5,0,0
BRDA:84,5,1,0
BRDA:85,6,0,0
BRDA:85,6,1,0
BRDA:93,7,0,0
BRDA:93,7,1,0
BRDA:94,8,0,0
BRDA:94,8,1,0
BRDA:102,9,0,0
BRDA:102,9,1,0
BRDA:103,10,0,0
BRDA:103,10,1,0
BRDA:115,11,0,0
BRDA:115,11,1,0
BRDA:115,12,0,0
BRDA:115,12,1,0
BRDA:123,13,0,0
BRDA:123,13,1,0
BRDA:128,14,0,0
BRDA:128,15,0,0
BRDA:128,15,1,0
BRDA:136,16,0,0
BRDA:136,16,1,0
BRDA:137,17,0,0
BRDA:137,17,1,0
BRDA:148,18,0,0
BRDA:148,18,1,0
BRDA:198,19,0,0
BRDA:198,19,1,0
BRF:38
BRH:0
end_of_record
TN:
SF:src\app\api\health\detailed\route.ts
FN:92,GET
FN:155,getSystemInfo
FN:179,getDatabaseInfo
FN:219,getSecurityInfo
FN:225,(anonymous_5)
FN:227,(anonymous_6)
FN:228,(anonymous_7)
FN:240,(anonymous_8)
FN:253,getPerformanceInfo
FN:260,(anonymous_10)
FN:267,(anonymous_11)
FN:279,getEnvironmentInfo
FN:288,(anonymous_13)
FN:324,getEndpointInfo
FN:363,getSettledValue
FN:370,getDefaultSystemInfo
FN:377,getDefaultDatabaseInfo
FN:385,getDefaultSecurityInfo
FN:393,getDefaultPerformanceInfo
FN:402,getDefaultEnvironmentInfo
FN:411,getDefaultEndpointInfo
FNF:21
FNH:0
FNDA:0,GET
FNDA:0,getSystemInfo
FNDA:0,getDatabaseInfo
FNDA:0,getSecurityInfo
FNDA:0,(anonymous_5)
FNDA:0,(anonymous_6)
FNDA:0,(anonymous_7)
FNDA:0,(anonymous_8)
FNDA:0,getPerformanceInfo
FNDA:0,(anonymous_10)
FNDA:0,(anonymous_11)
FNDA:0,getEnvironmentInfo
FNDA:0,(anonymous_13)
FNDA:0,getEndpointInfo
FNDA:0,getSettledValue
FNDA:0,getDefaultSystemInfo
FNDA:0,getDefaultDatabaseInfo
FNDA:0,getDefaultSecurityInfo
FNDA:0,getDefaultPerformanceInfo
FNDA:0,getDefaultEnvironmentInfo
FNDA:0,getDefaultEndpointInfo
DA:6,0
DA:7,0
DA:8,0
DA:9,0
DA:10,0
DA:12,0
DA:92,0
DA:93,0
DA:95,0
DA:96,0
DA:106,0
DA:115,0
DA:128,0
DA:130,0
DA:137,0
DA:140,0
DA:142,0
DA:156,0
DA:157,0
DA:160,0
DA:162,0
DA:180,0
DA:182,0
DA:183,0
DA:186,0
DA:191,0
DA:193,0
DA:194,0
DA:201,0
DA:208,0
DA:220,0
DA:221,0
DA:222,0
DA:225,0
DA:226,0
DA:227,0
DA:228,0
DA:230,0
DA:238,0
DA:240,0
DA:254,0
DA:255,0
DA:257,0
DA:260,0
DA:267,0
DA:280,0
DA:282,0
DA:288,0
DA:289,0
DA:290,0
DA:292,0
DA:293,0
DA:294,0
DA:295,0
DA:296,0
DA:298,0
DA:301,0
DA:305,0
DA:311,0
DA:328,0
DA:329,0
DA:332,0
DA:337,0
DA:348,0
DA:364,0
DA:371,0
DA:378,0
DA:386,0
DA:394,0
DA:403,0
DA:412,0
LF:71
LH:0
BRDA:118,0,0,0
BRDA:118,0,1,0
BRDA:119,1,0,0
BRDA:119,1,1,0
BRDA:193,2,0,0
BRDA:232,3,0,0
BRDA:232,3,1,0
BRDA:234,4,0,0
BRDA:234,4,1,0
BRDA:292,5,0,0
BRDA:293,6,0,0
BRDA:293,6,1,0
BRDA:301,7,0,0
BRDA:301,7,1,0
BRDA:312,8,0,0
BRDA:312,8,1,0
BRDA:313,9,0,0
BRDA:313,9,1,0
BRDA:340,10,0,0
BRDA:340,10,1,0
BRDA:364,11,0,0
BRDA:364,11,1,0
BRF:22
BRH:0
end_of_record
TN:
SF:src\app\api\monitoring\dashboard\route.ts
FN:58,readMonitoringData
FN:132,(anonymous_4)
FN:139,(anonymous_5)
FN:160,(anonymous_6)
FN:167,(anonymous_7)
FN:188,(anonymous_8)
FN:195,(anonymous_9)
FN:249,(anonymous_10)
FN:251,(anonymous_11)
FN:253,(anonymous_12)
FN:270,calculateUptimeMetrics
FN:288,calculateTrends
FN:304,GET
FN:350,POST
FNF:14
FNH:0
FNDA:0,readMonitoringData
FNDA:0,(anonymous_4)
FNDA:0,(anonymous_5)
FNDA:0,(anonymous_6)
FNDA:0,(anonymous_7)
FNDA:0,(anonymous_8)
FNDA:0,(anonymous_9)
FNDA:0,(anonymous_10)
FNDA:0,(anonymous_11)
FNDA:0,(anonymous_12)
FNDA:0,calculateUptimeMetrics
FNDA:0,calculateTrends
FNDA:0,GET
FNDA:0,POST
DA:1,0
DA:2,0
DA:3,0
DA:59,0
DA:87,0
DA:89,0
DA:91,0
DA:92,0
DA:93,0
DA:96,0
DA:117,0
DA:121,0
DA:124,0
DA:125,0
DA:126,0
DA:128,0
DA:131,0
DA:132,0
DA:133,0
DA:138,0
DA:139,0
DA:140,0
DA:141,0
DA:142,0
DA:143,0
DA:148,0
DA:152,0
DA:153,0
DA:154,0
DA:156,0
DA:159,0
DA:160,0
DA:161,0
DA:166,0
DA:167,0
DA:168,0
DA:169,0
DA:170,0
DA:171,0
DA:176,0
DA:180,0
DA:181,0
DA:182,0
DA:184,0
DA:187,0
DA:188,0
DA:189,0
DA:194,0
DA:195,0
DA:196,0
DA:197,0
DA:198,0
DA:199,0
DA:204,0
DA:208,0
DA:209,0
DA:210,0
DA:212,0
DA:215,0
DA:216,0
DA:221,0
DA:226,0
DA:231,0
DA:238,0
DA:242,0
DA:249,0
DA:250,0
DA:251,0
DA:252,0
DA:253,0
DA:254,0
DA:256,0
DA:259,0
DA:262,0
DA:263,0
DA:274,0
DA:275,0
DA:277,0
DA:292,0
DA:304,0
DA:305,0
DA:306,0
DA:309,0
DA:312,0
DA:313,0
DA:316,0
DA:317,0
DA:320,0
DA:322,0
DA:324,0
DA:333,0
DA:335,0
DA:350,0
DA:351,0
DA:352,0
DA:353,0
DA:355,0
DA:357,0
DA:360,0
DA:361,0
DA:369,0
DA:370,0
DA:372,0
DA:379,0
DA:380,0
DA:382,0
DA:388,0
DA:395,0
DA:397,0
LF:109
LH:0
BRDA:128,0,0,0
BRDA:128,0,1,0
BRDA:131,1,0,0
BRDA:138,2,0,0
BRDA:140,3,0,0
BRDA:140,3,1,0
BRDA:142,4,0,0
BRDA:156,5,0,0
BRDA:156,5,1,0
BRDA:159,6,0,0
BRDA:166,7,0,0
BRDA:168,8,0,0
BRDA:168,8,1,0
BRDA:170,9,0,0
BRDA:184,10,0,0
BRDA:184,10,1,0
BRDA:187,11,0,0
BRDA:194,12,0,0
BRDA:196,13,0,0
BRDA:196,13,1,0
BRDA:198,14,0,0
BRDA:212,15,0,0
BRDA:212,15,1,0
BRDA:215,16,0,0
BRDA:217,17,0,0
BRDA:217,17,1,0
BRDA:222,18,0,0
BRDA:222,18,1,0
BRDA:227,19,0,0
BRDA:227,19,1,0
BRDA:232,20,0,0
BRDA:232,20,1,0
BRDA:249,21,0,0
BRDA:249,21,1,0
BRDA:251,22,0,0
BRDA:251,22,1,0
BRDA:253,23,0,0
BRDA:253,23,1,0
BRDA:338,24,0,0
BRDA:338,24,1,0
BRDA:357,25,0,0
BRDA:357,25,1,0
BRDA:357,25,2,0
BRDA:357,25,3,0
BRDA:400,26,0,0
BRDA:400,26,1,0
BRF:46
BRH:0
end_of_record
TN:
SF:src\app\api\monitoring\environment\route.ts
FN:22,GET
FN:85,POST
FN:137,handleHealthCheck
FN:159,handleStatsRequest
FN:175,handleErrorsRequest
FN:184,(anonymous_8)
FN:189,(anonymous_9)
FN:206,handleAlertsRequest
FN:222,handleMetricsRequest
FN:241,handleClientStatusRequest
FN:256,handleEnvironmentValidation
FN:274,handleAlertResolution
FN:297,handleForceHealthCheck
FNF:13
FNH:0
FNDA:0,GET
FNDA:0,POST
FNDA:0,handleHealthCheck
FNDA:0,handleStatsRequest
FNDA:0,handleErrorsRequest
FNDA:0,(anonymous_8)
FNDA:0,(anonymous_9)
FNDA:0,handleAlertsRequest
FNDA:0,handleMetricsRequest
FNDA:0,handleClientStatusRequest
FNDA:0,handleEnvironmentValidation
FNDA:0,handleAlertResolution
FNDA:0,handleForceHealthCheck
DA:7,0
DA:8,0
DA:9,0
DA:10,0
DA:11,0
DA:12,0
DA:22,0
DA:23,0
DA:24,0
DA:25,0
DA:26,0
DA:27,0
DA:28,0
DA:30,0
DA:39,0
DA:41,0
DA:44,0
DA:47,0
DA:50,0
DA:53,0
DA:56,0
DA:59,0
DA:66,0
DA:71,0
DA:85,0
DA:86,0
DA:87,0
DA:88,0
DA:90,0
DA:97,0
DA:99,0
DA:102,0
DA:105,0
DA:108,0
DA:115,0
DA:120,0
DA:142,0
DA:149,0
DA:160,0
DA:162,0
DA:176,0
DA:177,0
DA:178,0
DA:180,0
DA:183,0
DA:184,0
DA:188,0
DA:189,0
DA:192,0
DA:207,0
DA:209,0
DA:223,0
DA:224,0
DA:225,0
DA:227,0
DA:242,0
DA:244,0
DA:257,0
DA:259,0
DA:275,0
DA:276,0
DA:282,0
DA:284,0
DA:298,0
DA:305,0
LF:65
LH:0
BRDA:25,0,0,0
BRDA:25,0,1,0
BRDA:26,1,0,0
BRDA:26,1,1,0
BRDA:36,2,0,0
BRDA:36,2,1,0
BRDA:39,3,0,0
BRDA:39,3,1,0
BRDA:39,3,2,0
BRDA:39,3,3,0
BRDA:39,3,4,0
BRDA:39,3,5,0
BRDA:39,3,6,0
BRDA:67,4,0,0
BRDA:67,4,1,0
BRDA:68,5,0,0
BRDA:68,5,1,0
BRDA:74,6,0,0
BRDA:74,6,1,0
BRDA:94,7,0,0
BRDA:94,7,1,0
BRDA:97,8,0,0
BRDA:97,8,1,0
BRDA:97,8,2,0
BRDA:97,8,3,0
BRDA:116,9,0,0
BRDA:116,9,1,0
BRDA:117,10,0,0
BRDA:117,10,1,0
BRDA:123,11,0,0
BRDA:123,11,1,0
BRDA:176,12,0,0
BRDA:176,12,1,0
BRDA:183,13,0,0
BRDA:188,14,0,0
BRDA:275,15,0,0
BRDA:299,16,0,0
BRDA:299,16,1,0
BRDA:301,17,0,0
BRDA:301,17,1,0
BRDA:302,18,0,0
BRDA:302,18,1,0
BRF:42
BRH:0
end_of_record
TN:
SF:src\app\api\monitoring\generate-report\route.ts
FN:11,POST
FN:62,generateReport
FN:74,(anonymous_6)
FN:88,(anonymous_7)
FN:92,(anonymous_8)
FN:96,(anonymous_9)
FN:105,(anonymous_10)
FN:144,(anonymous_11)
FN:153,GET
FNF:9
FNH:0
FNDA:0,POST
FNDA:0,generateReport
FNDA:0,(anonymous_6)
FNDA:0,(anonymous_7)
FNDA:0,(anonymous_8)
FNDA:0,(anonymous_9)
FNDA:0,(anonymous_10)
FNDA:0,(anonymous_11)
FNDA:0,GET
DA:1,0
DA:2,0
DA:3,0
DA:4,0
DA:11,0
DA:12,0
DA:13,0
DA:14,0
DA:17,0
DA:18,0
DA:25,0
DA:31,0
DA:32,0
DA:38,0
DA:54,0
DA:55,0
DA:74,0
DA:75,0
DA:77,0
DA:85,0
DA:86,0
DA:88,0
DA:89,0
DA:92,0
DA:93,0
DA:96,0
DA:97,0
DA:98,0
DA:100,0
DA:101,0
DA:104,0
DA:105,0
DA:109,0
DA:110,0
DA:111,0
DA:112,0
DA:115,0
DA:117,0
DA:125,0
DA:131,0
DA:137,0
DA:144,0
DA:145,0
DA:153,0
DA:154,0
LF:45
LH:0
BRDA:14,0,0,0
BRDA:14,1,0,0
BRDA:14,2,0,0
BRDA:17,3,0,0
BRDA:31,4,0,0
BRDA:97,5,0,0
BRDA:97,5,1,0
BRDA:105,6,0,0
BRDA:105,6,1,0
BRDA:109,7,0,0
BRDA:109,7,1,0
BRF:11
BRH:0
end_of_record
TN:
SF:src\app\api\monitoring\reports\[filename]\route.ts
FN:10,GET
FN:32,(anonymous_5)
FN:86,DELETE
FN:108,(anonymous_7)
FNF:4
FNH:0
FNDA:0,GET
FNDA:0,(anonymous_5)
FNDA:0,DELETE
FNDA:0,(anonymous_7)
DA:1,0
DA:2,0
DA:3,0
DA:10,0
DA:14,0
DA:15,0
DA:18,0
DA:19,0
DA:26,0
DA:32,0
DA:33,0
DA:34,0
DA:40,0
DA:41,0
DA:43,0
DA:44,0
DA:46,0
DA:52,0
DA:53,0
DA:56,0
DA:57,0
DA:58,0
DA:59,0
DA:60,0
DA:64,0
DA:72,0
DA:78,0
DA:79,0
DA:86,0
DA:90,0
DA:91,0
DA:94,0
DA:95,0
DA:102,0
DA:108,0
DA:109,0
DA:110,0
DA:116,0
DA:117,0
DA:119,0
DA:120,0
DA:121,0
DA:123,0
DA:128,0
DA:135,0
DA:136,0
LF:46
LH:0
BRDA:18,0,0,0
BRDA:18,1,0,0
BRDA:18,1,1,0
BRDA:18,1,2,0
BRDA:18,1,3,0
BRDA:33,2,0,0
BRDA:57,3,0,0
BRDA:57,3,1,0
BRDA:59,4,0,0
BRDA:94,5,0,0
BRDA:94,6,0,0
BRDA:94,6,1,0
BRDA:94,6,2,0
BRDA:94,6,3,0
BRDA:109,7,0,0
BRF:15
BRH:0
end_of_record
TN:
SF:src\app\api\reservations\public\route.ts
FN:15,GET
FNF:1
FNH:0
FNDA:0,GET
DA:3,0
DA:4,0
DA:5,0
DA:6,0
DA:15,0
DA:16,0
DA:17,0
DA:24,0
DA:25,0
DA:28,0
DA:29,0
DA:31,0
DA:34,0
DA:38,0
DA:41,0
DA:42,0
DA:45,0
DA:53,0
DA:56,0
DA:62,0
DA:68,0
DA:69,0
DA:70,0
DA:72,0
DA:73,0
DA:76,0
LF:26
LH:0
BRDA:31,0,0,0
BRDA:31,0,1,0
BRDA:34,1,0,0
BRDA:34,1,1,0
BRDA:41,2,0,0
BRDA:49,3,0,0
BRDA:49,3,1,0
BRDA:64,4,0,0
BRDA:64,4,1,0
BRDA:72,5,0,0
BRF:10
BRH:0
end_of_record
TN:
SF:src\app\api\reservations\public-anonymous\route.ts
FN:24,GET
FN:184,(anonymous_2)
FNF:2
FNH:0
FNDA:0,GET
FNDA:0,(anonymous_2)
DA:3,0
DA:4,0
DA:5,0
DA:6,0
DA:7,0
DA:8,0
DA:9,0
DA:16,0
DA:24,0
DA:25,0
DA:26,0
DA:28,0
DA:29,0
DA:30,0
DA:31,0
DA:34,0
DA:36,0
DA:37,0
DA:41,0
DA:47,0
DA:50,0
DA:64,0
DA:67,0
DA:68,0
DA:69,0
DA:79,0
DA:80,0
DA:81,0
DA:82,0
DA:84,0
DA:92,0
DA:93,0
DA:103,0
DA:106,0
DA:108,0
DA:121,0
DA:128,0
DA:129,0
DA:142,0
DA:152,0
DA:155,0
DA:184,0
DA:194,0
DA:200,0
DA:211,0
DA:215,0
DA:221,0
DA:226,0
LF:48
LH:0
BRDA:36,0,0,0
BRDA:56,1,0,0
BRDA:56,1,1,0
BRDA:57,2,0,0
BRDA:57,2,1,0
BRDA:67,3,0,0
BRDA:67,4,0,0
BRDA:67,4,1,0
BRDA:155,5,0,0
BRDA:155,5,1,0
BRDA:171,6,0,0
BRDA:171,6,1,0
BRDA:180,7,0,0
BRDA:180,7,1,0
BRDA:190,8,0,0
BRDA:190,8,1,0
BRDA:223,9,0,0
BRDA:223,9,1,0
BRDA:230,10,0,0
BRDA:230,10,1,0
BRF:20
BRH:0
end_of_record
TN:
SF:src\app\api\reservations\public-anonymous\route.validated.ts
FN:18,getPublicReservationsHandler
FN:164,(anonymous_2)
FNF:2
FNH:0
FNDA:0,getPublicReservationsHandler
FNDA:0,(anonymous_2)
DA:8,0
DA:9,0
DA:10,0
DA:11,0
DA:12,0
DA:13,0
DA:21,0
DA:23,0
DA:25,0
DA:27,0
DA:38,0
DA:39,0
DA:40,0
DA:41,0
DA:43,0
DA:51,0
DA:52,0
DA:62,0
DA:65,0
DA:67,0
DA:71,0
DA:77,0
DA:78,0
DA:79,0
DA:82,0
DA:84,0
DA:85,0
DA:86,0
DA:89,0
DA:97,0
DA:98,0
DA:99,0
DA:100,0
DA:112,0
DA:120,0
DA:123,0
DA:138,0
DA:139,0
DA:142,0
DA:144,0
DA:145,0
DA:153,0
DA:154,0
DA:164,0
DA:174,0
DA:176,0
DA:184,0
DA:190,0
DA:195,0
DA:209,0
LF:50
LH:0
BRDA:67,0,0,0
BRDA:67,0,1,0
BRDA:67,1,0,0
BRDA:67,1,1,0
BRDA:77,2,0,0
BRDA:77,3,0,0
BRDA:77,3,1,0
BRDA:84,4,0,0
BRDA:90,5,0,0
BRDA:90,5,1,0
BRDA:91,6,0,0
BRDA:91,6,1,0
BRDA:98,7,0,0
BRDA:98,8,0,0
BRDA:98,8,1,0
BRDA:98,8,2,0
BRDA:98,8,3,0
BRDA:104,9,0,0
BRDA:104,9,1,0
BRDA:105,10,0,0
BRDA:105,10,1,0
BRDA:107,11,0,0
BRDA:107,11,1,0
BRDA:113,12,0,0
BRDA:113,12,1,0
BRDA:114,13,0,0
BRDA:114,13,1,0
BRDA:120,14,0,0
BRDA:120,14,1,0
BRDA:138,15,0,0
BRDA:138,16,0,0
BRDA:138,16,1,0
BRDA:144,17,0,0
BRDA:164,18,0,0
BRDA:164,18,1,0
BRDA:170,19,0,0
BRDA:170,19,1,0
BRDA:192,20,0,0
BRDA:192,20,1,0
BRDA:199,21,0,0
BRDA:199,21,1,0
BRF:41
BRH:0
end_of_record
TN:
SF:src\app\api\reservations\public-authenticated\route.ts
FN:25,GET
FN:81,(anonymous_2)
FN:247,(anonymous_3)
FN:268,(anonymous_4)
FNF:4
FNH:0
FNDA:0,GET
FNDA:0,(anonymous_2)
FNDA:0,(anonymous_3)
FNDA:0,(anonymous_4)
DA:3,0
DA:4,0
DA:5,0
DA:6,0
DA:7,0
DA:8,0
DA:9,0
DA:16,0
DA:25,0
DA:26,0
DA:27,0
DA:29,0
DA:30,0
DA:31,0
DA:32,0
DA:35,0
DA:37,0
DA:38,0
DA:42,0
DA:48,0
DA:51,0
DA:65,0
DA:68,0
DA:69,0
DA:70,0
DA:77,0
DA:80,0
DA:81,0
DA:89,0
DA:91,0
DA:93,0
DA:101,0
DA:102,0
DA:109,0
DA:123,0
DA:129,0
DA:130,0
DA:131,0
DA:132,0
DA:134,0
DA:143,0
DA:144,0
DA:154,0
DA:156,0
DA:169,0
DA:177,0
DA:178,0
DA:191,0
DA:202,0
DA:205,0
DA:208,0
DA:238,0
DA:244,0
DA:247,0
DA:248,0
DA:250,0
DA:264,0
DA:268,0
DA:272,0
DA:284,0
DA:288,0
DA:294,0
DA:299,0
LF:63
LH:0
BRDA:37,0,0,0
BRDA:57,1,0,0
BRDA:57,1,1,0
BRDA:58,2,0,0
BRDA:58,2,1,0
BRDA:68,3,0,0
BRDA:68,4,0,0
BRDA:68,4,1,0
BRDA:91,5,0,0
BRDA:91,6,0,0
BRDA:91,6,1,0
BRDA:95,7,0,0
BRDA:95,7,1,0
BRDA:96,8,0,0
BRDA:96,8,1,0
BRDA:97,9,0,0
BRDA:97,9,1,0
BRDA:101,10,0,0
BRDA:101,10,1,0
BRDA:115,11,0,0
BRDA:115,11,1,0
BRDA:116,12,0,0
BRDA:116,12,1,0
BRDA:205,13,0,0
BRDA:205,13,1,0
BRDA:225,14,0,0
BRDA:225,14,1,0
BRDA:234,15,0,0
BRDA:234,15,1,0
BRDA:248,16,0,0
BRDA:248,16,1,0
BRDA:254,17,0,0
BRDA:254,17,1,0
BRDA:255,18,0,0
BRDA:255,18,1,0
BRDA:258,19,0,0
BRDA:258,19,1,0
BRDA:259,20,0,0
BRDA:259,20,1,0
BRDA:260,21,0,0
BRDA:260,21,1,0
BRDA:296,22,0,0
BRDA:296,22,1,0
BRDA:303,23,0,0
BRDA:303,23,1,0
BRF:45
BRH:0
end_of_record
TN:
SF:src\app\api\rooms\route.ts
FN:24,GET
FNF:1
FNH:0
FNDA:0,GET
DA:7,0
DA:8,0
DA:9,0
DA:10,0
DA:11,0
DA:12,0
DA:18,0
DA:24,0
DA:25,0
DA:26,0
DA:28,0
DA:30,0
DA:32,0
DA:33,0
DA:37,0
DA:43,0
DA:46,0
DA:59,0
DA:68,0
DA:71,0
DA:72,0
DA:75,0
DA:102,0
DA:109,0
DA:110,0
DA:123,0
DA:134,0
DA:137,0
DA:143,0
DA:148,0
LF:30
LH:0
BRDA:32,0,0,0
BRDA:51,1,0,0
BRDA:51,1,1,0
BRDA:52,2,0,0
BRDA:52,2,1,0
BRDA:72,3,0,0
BRDA:72,3,1,0
BRDA:92,4,0,0
BRDA:92,4,1,0
BRDA:99,5,0,0
BRDA:99,5,1,0
BRDA:145,6,0,0
BRDA:145,6,1,0
BRDA:152,7,0,0
BRDA:152,7,1,0
BRF:15
BRH:0
end_of_record
TN:
SF:src\app\auth\callback\route.ts
FN:14,GET
FNF:1
FNH:0
FNDA:0,GET
DA:4,0
DA:10,0
DA:12,0
DA:14,0
DA:15,0
DA:16,0
DA:17,0
DA:19,0
DA:22,0
DA:23,0
DA:26,0
DA:27,0
DA:28,0
DA:29,0
DA:33,0
DA:37,0
DA:323,0
LF:17
LH:0
BRDA:22,0,0,0
BRDA:26,1,0,0
BRF:2
BRH:0
end_of_record
TN:
SF:src\app\dashboard\page.tsx
FN:12,DashboardPage
FN:16,(anonymous_3)
FN:20,(anonymous_4)
FN:24,(anonymous_5)
FNF:4
FNH:0
FNDA:0,DashboardPage
FNDA:0,(anonymous_3)
FNDA:0,(anonymous_4)
FNDA:0,(anonymous_5)
DA:3,0
DA:4,0
DA:5,0
DA:6,0
DA:7,0
DA:8,0
DA:9,0
DA:10,0
DA:12,0
DA:13,0
DA:14,0
DA:16,0
DA:17,0
DA:20,0
DA:21,0
DA:24,0
DA:25,0
DA:29,0
LF:18
LH:0
BRDA:29,0,0,0
BRDA:48,1,0,0
BRDA:61,2,0,0
BRDA:80,3,0,0
BRF:4
BRH:0
end_of_record
TN:
SF:src\app\login\page.tsx
FN:22,LoginContent
FN:32,(anonymous_3)
FN:73,LoginPage
FNF:3
FNH:0
FNDA:0,LoginContent
FNDA:0,(anonymous_3)
FNDA:0,LoginPage
DA:4,0
DA:6,0
DA:7,0
DA:8,0
DA:9,0
DA:10,0
DA:23,0
DA:25,0
DA:26,0
DA:29,0
DA:30,0
DA:32,0
DA:34,0
DA:35,0
DA:36,0
DA:41,0
DA:42,0
DA:73,0
LF:18
LH:0
BRDA:34,0,0,0
BRDA:34,1,0,0
BRDA:34,1,1,0
BRDA:41,2,0,0
BRDA:41,3,0,0
BRDA:41,3,1,0
BRDA:41,3,2,0
BRDA:49,4,0,0
BRDA:55,5,0,0
BRDA:55,5,1,0
BRDA:67,6,0,0
BRDA:67,6,1,0
BRF:12
BRH:0
end_of_record
TN:
SF:src\app\reservations\browse\page.tsx
FN:27,(anonymous_2)
FN:35,(anonymous_3)
FN:43,(anonymous_4)
FN:51,(anonymous_5)
FN:59,(anonymous_6)
FN:66,BrowseReservationsPage
FN:68,(anonymous_8)
FN:72,(anonymous_9)
FN:76,(anonymous_10)
FN:77,(anonymous_11)
FN:86,(anonymous_12)
FN:124,(anonymous_13)
FN:141,(anonymous_14)
FN:144,(anonymous_15)
FN:154,(anonymous_16)
FN:157,(anonymous_17)
FN:169,(anonymous_18)
FNF:17
FNH:0
FNDA:0,(anonymous_2)
FNDA:0,(anonymous_3)
FNDA:0,(anonymous_4)
FNDA:0,(anonymous_5)
FNDA:0,(anonymous_6)
FNDA:0,BrowseReservationsPage
FNDA:0,(anonymous_8)
FNDA:0,(anonymous_9)
FNDA:0,(anonymous_10)
FNDA:0,(anonymous_11)
FNDA:0,(anonymous_12)
FNDA:0,(anonymous_13)
FNDA:0,(anonymous_14)
FNDA:0,(anonymous_15)
FNDA:0,(anonymous_16)
FNDA:0,(anonymous_17)
FNDA:0,(anonymous_18)
DA:3,0
DA:4,0
DA:5,0
DA:6,0
DA:7,0
DA:8,0
DA:9,0
DA:10,0
DA:23,0
DA:28,0
DA:29,0
DA:36,0
DA:37,0
DA:44,0
DA:45,0
DA:52,0
DA:53,0
DA:60,0
DA:61,0
DA:66,0
DA:67,0
DA:68,0
DA:69,0
DA:70,0
DA:72,0
DA:73,0
DA:76,0
DA:77,0
DA:78,0
DA:79,0
DA:80,0
DA:86,0
DA:87,0
DA:88,0
DA:90,0
DA:125,0
DA:142,0
DA:143,0
DA:144,0
DA:155,0
DA:156,0
DA:157,0
DA:169,0
LF:43
LH:0
BRDA:78,0,0,0
BRDA:87,1,0,0
BRDA:142,2,0,0
BRDA:142,3,0,0
BRDA:142,3,1,0
BRDA:155,4,0,0
BRDA:155,5,0,0
BRDA:155,5,1,0
BRF:8
BRH:0
end_of_record
TN:
SF:src\app\reservations\edit\[id]\page.tsx
FN:45,EditReservationPage
FN:89,(anonymous_6)
FN:98,(anonymous_7)
FN:106,(anonymous_8)
FN:114,(anonymous_9)
FN:132,(anonymous_10)
FN:151,(anonymous_11)
FN:170,(anonymous_12)
FN:171,(anonymous_13)
FN:175,(anonymous_14)
FN:226,(anonymous_15)
FN:226,(anonymous_16)
FN:227,(anonymous_17)
FN:303,onSubmit
FN:399,(anonymous_19)
FN:407,(anonymous_20)
FN:506,(anonymous_24)
FN:528,(anonymous_26)
FN:550,(anonymous_28)
FN:583,(anonymous_30)
FN:628,(anonymous_32)
FNF:21
FNH:0
FNDA:0,EditReservationPage
FNDA:0,(anonymous_6)
FNDA:0,(anonymous_7)
FNDA:0,(anonymous_8)
FNDA:0,(anonymous_9)
FNDA:0,(anonymous_10)
FNDA:0,(anonymous_11)
FNDA:0,(anonymous_12)
FNDA:0,(anonymous_13)
FNDA:0,(anonymous_14)
FNDA:0,(anonymous_15)
FNDA:0,(anonymous_16)
FNDA:0,(anonymous_17)
FNDA:0,onSubmit
FNDA:0,(anonymous_19)
FNDA:0,(anonymous_20)
FNDA:0,(anonymous_24)
FNDA:0,(anonymous_26)
FNDA:0,(anonymous_28)
FNDA:0,(anonymous_30)
FNDA:0,(anonymous_32)
DA:3,0
DA:4,0
DA:5,0
DA:6,0
DA:7,0
DA:8,0
DA:9,0
DA:10,0
DA:11,0
DA:19,0
DA:20,0
DA:21,0
DA:28,0
DA:29,0
DA:30,0
DA:31,0
DA:32,0
DA:33,0
DA:39,0
DA:40,0
DA:41,0
DA:42,0
DA:43,0
DA:45,0
DA:46,0
DA:47,0
DA:48,0
DA:49,0
DA:50,0
DA:53,0
DA:55,0
DA:56,0
DA:58,0
DA:61,0
DA:62,0
DA:64,0
DA:77,0
DA:78,0
DA:81,0
DA:89,0
DA:90,0
DA:91,0
DA:94,0
DA:95,0
DA:98,0
DA:99,0
DA:103,0
DA:106,0
DA:107,0
DA:110,0
DA:111,0
DA:114,0
DA:115,0
DA:116,0
DA:120,0
DA:123,0
DA:124,0
DA:129,0
DA:130,0
DA:132,0
DA:133,0
DA:136,0
DA:137,0
DA:139,0
DA:140,0
DA:141,0
DA:145,0
DA:146,0
DA:147,0
DA:148,0
DA:151,0
DA:152,0
DA:153,0
DA:157,0
DA:160,0
DA:161,0
DA:166,0
DA:170,0
DA:171,0
DA:172,0
DA:175,0
DA:177,0
DA:178,0
DA:183,0
DA:184,0
DA:188,0
DA:191,0
DA:200,0
DA:204,0
DA:215,0
DA:218,0
DA:219,0
DA:226,0
DA:227,0
DA:228,0
DA:229,0
DA:238,0
DA:239,0
DA:249,0
DA:250,0
DA:255,0
DA:256,0
DA:259,0
DA:262,0
DA:263,0
DA:265,0
DA:266,0
DA:268,0
DA:270,0
DA:280,0
DA:283,0
DA:287,0
DA:299,0
DA:300,0
DA:305,0
DA:306,0
DA:311,0
DA:315,0
DA:316,0
DA:317,0
DA:318,0
DA:323,0
DA:326,0
DA:328,0
DA:329,0
DA:334,0
DA:337,0
DA:338,0
DA:343,0
DA:347,0
DA:348,0
DA:349,0
DA:351,0
DA:352,0
DA:353,0
DA:355,0
DA:356,0
DA:361,0
DA:365,0
DA:366,0
DA:367,0
DA:372,0
DA:375,0
DA:387,0
DA:395,0
DA:400,0
DA:401,0
DA:405,0
DA:408,0
DA:416,0
DA:418,0
DA:426,0
DA:434,0
DA:441,0
DA:507,0
DA:528,0
DA:551,0
DA:552,0
DA:584,0
DA:585,0
DA:628,0
LF:161
LH:0
BRDA:62,0,0,0
BRDA:62,0,1,0
BRDA:81,1,0,0
BRDA:81,1,1,0
BRDA:82,2,0,0
BRDA:83,3,0,0
BRDA:83,3,1,0
BRDA:84,4,0,0
BRDA:84,4,1,0
BRDA:90,5,0,0
BRDA:90,6,0,0
BRDA:90,6,1,0
BRDA:90,6,2,0
BRDA:90,6,3,0
BRDA:99,7,0,0
BRDA:99,7,1,0
BRDA:120,8,0,0
BRDA:120,8,1,0
BRDA:123,9,0,0
BRDA:129,10,0,0
BRDA:139,11,0,0
BRDA:157,12,0,0
BRDA:157,12,1,0
BRDA:160,13,0,0
BRDA:172,14,0,0
BRDA:172,15,0,0
BRDA:172,15,1,0
BRDA:172,15,2,0
BRDA:177,16,0,0
BRDA:218,17,0,0
BRDA:218,18,0,0
BRDA:218,18,1,0
BRDA:218,18,2,0
BRDA:218,18,3,0
BRDA:228,19,0,0
BRDA:238,20,0,0
BRDA:249,21,0,0
BRDA:249,21,1,0
BRDA:272,22,0,0
BRDA:272,22,1,0
BRDA:273,23,0,0
BRDA:273,23,1,0
BRDA:287,24,0,0
BRDA:299,25,0,0
BRDA:305,26,0,0
BRDA:305,27,0,0
BRDA:305,27,1,0
BRDA:316,28,0,0
BRDA:317,29,0,0
BRDA:317,29,1,0
BRDA:328,30,0,0
BRDA:337,31,0,0
BRDA:355,32,0,0
BRDA:366,33,0,0
BRDA:390,34,0,0
BRDA:390,34,1,0
BRDA:421,35,0,0
BRDA:421,35,1,0
BRDA:436,36,0,0
BRDA:436,36,1,0
BRDA:437,37,0,0
BRDA:437,37,1,0
BRDA:557,38,0,0
BRDA:557,38,1,0
BRDA:559,39,0,0
BRDA:559,39,1,0
BRDA:590,40,0,0
BRDA:590,40,1,0
BRDA:592,41,0,0
BRDA:592,41,1,0
BRDA:634,42,0,0
BRDA:637,43,0,0
BRDA:637,43,1,0
BRF:73
BRH:0
end_of_record
TN:
SF:src\app\reservations\my\page.tsx
FN:9,MyReservationsPage
FNF:1
FNH:0
FNDA:0,MyReservationsPage
DA:5,0
DA:6,0
DA:7,0
DA:9,0
DA:10,0
LF:5
LH:0
BRF:0
BRH:0
end_of_record
TN:
SF:src\app\reservations\new\NewReservationForm.tsx
FN:30,NewReservationForm
FN:55,(anonymous_2)
FN:80,(anonymous_3)
FN:82,(anonymous_4)
FN:84,(anonymous_5)
FN:99,(anonymous_6)
FN:115,onSubmit
FN:134,(anonymous_8)
FN:138,(anonymous_9)
FN:210,(anonymous_13)
FN:243,(anonymous_15)
FN:263,(anonymous_17)
FN:283,(anonymous_19)
FN:308,(anonymous_21)
FNF:14
FNH:0
FNDA:0,NewReservationForm
FNDA:0,(anonymous_2)
FNDA:0,(anonymous_3)
FNDA:0,(anonymous_4)
FNDA:0,(anonymous_5)
FNDA:0,(anonymous_6)
FNDA:0,onSubmit
FNDA:0,(anonymous_8)
FNDA:0,(anonymous_9)
FNDA:0,(anonymous_13)
FNDA:0,(anonymous_15)
FNDA:0,(anonymous_17)
FNDA:0,(anonymous_19)
FNDA:0,(anonymous_21)
DA:5,0
DA:6,0
DA:7,0
DA:8,0
DA:9,0
DA:10,0
DA:11,0
DA:12,0
DA:13,0
DA:14,0
DA:15,0
DA:16,0
DA:17,0
DA:18,0
DA:19,0
DA:20,0
DA:21,0
DA:22,0
DA:23,0
DA:24,0
DA:25,0
DA:26,0
DA:27,0
DA:30,0
DA:31,0
DA:32,0
DA:33,0
DA:34,0
DA:35,0
DA:36,0
DA:38,0
DA:55,0
DA:56,0
DA:59,0
DA:68,0
DA:69,0
DA:70,0
DA:72,0
DA:74,0
DA:80,0
DA:81,0
DA:82,0
DA:83,0
DA:84,0
DA:85,0
DA:86,0
DA:87,0
DA:88,0
DA:89,0
DA:90,0
DA:91,0
DA:92,0
DA:96,0
DA:99,0
DA:100,0
DA:101,0
DA:102,0
DA:103,0
DA:104,0
DA:105,0
DA:106,0
DA:108,0
DA:109,0
DA:110,0
DA:112,0
DA:116,0
DA:117,0
DA:118,0
DA:121,0
DA:122,0
DA:124,0
DA:133,0
DA:135,0
DA:136,0
DA:139,0
DA:140,0
DA:211,0
DA:243,0
DA:264,0
DA:284,0
DA:308,0
LF:81
LH:0
BRDA:46,0,0,0
BRDA:46,0,1,0
BRDA:47,1,0,0
BRDA:47,1,1,0
BRDA:56,2,0,0
BRDA:61,3,0,0
BRDA:61,3,1,0
BRDA:62,4,0,0
BRDA:62,4,1,0
BRDA:72,5,0,0
BRDA:72,5,1,0
BRDA:74,6,0,0
BRDA:81,7,0,0
BRDA:81,8,0,0
BRDA:81,8,1,0
BRDA:91,9,0,0
BRDA:91,10,0,0
BRDA:91,10,1,0
BRDA:100,11,0,0
BRDA:105,12,0,0
BRDA:109,13,0,0
BRDA:109,14,0,0
BRDA:109,14,1,0
BRDA:116,15,0,0
BRDA:165,16,0,0
BRDA:165,16,1,0
BRDA:183,17,0,0
BRDA:183,17,1,0
BRDA:206,18,0,0
BRDA:206,18,1,0
BRDA:231,19,0,0
BRDA:231,19,1,0
BRDA:233,20,0,0
BRDA:243,21,0,0
BRDA:243,21,1,0
BRDA:243,21,2,0
BRDA:260,22,0,0
BRDA:260,22,1,0
BRDA:286,23,0,0
BRDA:310,24,0,0
BRF:40
BRH:0
end_of_record
TN:
SF:src\app\reservations\new\page.tsx
FN:37,NewReservationPage
FNF:1
FNH:0
FNDA:0,NewReservationPage
DA:3,0
DA:4,0
DA:6,0
DA:7,0
DA:37,0
LF:5
LH:0
BRF:0
BRH:0
end_of_record
TN:
SF:src\app\reservations\status\page.tsx
FN:40,ReservationStatusPage
FN:44,(anonymous_4)
FN:59,(anonymous_5)
FN:60,(anonymous_6)
FN:61,(anonymous_7)
FNF:5
FNH:0
FNDA:0,ReservationStatusPage
FNDA:0,(anonymous_4)
FNDA:0,(anonymous_5)
FNDA:0,(anonymous_6)
FNDA:0,(anonymous_7)
DA:5,0
DA:6,0
DA:7,0
DA:8,0
DA:9,0
DA:10,0
DA:11,0
DA:13,0
DA:14,0
DA:40,0
DA:41,0
DA:42,0
DA:44,0
DA:45,0
DA:46,0
DA:47,0
DA:50,0
DA:51,0
DA:53,0
DA:59,0
DA:60,0
DA:61,0
DA:63,0
LF:23
LH:0
BRDA:98,0,0,0
BRDA:98,0,1,0
BRDA:99,1,0,0
BRDA:101,2,0,0
BRDA:101,2,1,0
BRDA:103,3,0,0
BRDA:103,3,1,0
BRF:7
BRH:0
end_of_record
TN:
SF:src\app\signup\page.tsx
FN:18,SignupPage
FN:22,(anonymous_3)
FNF:2
FNH:0
FNDA:0,SignupPage
FNDA:0,(anonymous_3)
DA:3,0
DA:4,0
DA:5,0
DA:6,0
DA:18,0
DA:19,0
DA:20,0
DA:22,0
DA:24,0
DA:25,0
DA:30,0
DA:31,0
DA:35,0
LF:13
LH:0
BRDA:24,0,0,0
BRDA:30,1,0,0
BRDA:30,2,0,0
BRDA:30,2,1,0
BRF:4
BRH:0
end_of_record
TN:
SF:src\components\auth\EmailVerificationPrompt.tsx
FN:15,EmailVerificationPrompt
FN:20,(anonymous_2)
FNF:2
FNH:0
FNDA:0,EmailVerificationPrompt
FNDA:0,(anonymous_2)
DA:3,0
DA:4,0
DA:5,0
DA:6,0
DA:7,0
DA:8,0
DA:15,0
DA:16,0
DA:17,0
DA:18,0
DA:20,0
DA:21,0
DA:23,0
DA:24,0
DA:26,0
DA:31,0
DA:33,0
DA:39,0
LF:18
LH:0
BRDA:35,0,0,0
BRDA:35,0,1,0
BRDA:75,1,0,0
BRDA:87,2,0,0
BRF:4
BRH:0
end_of_record
TN:
SF:src\components\auth\MagicLinkHandler.tsx
FN:6,MagicLinkHandler
FN:9,(anonymous_5)
FN:10,(anonymous_6)
FN:14,(anonymous_7)
FN:18,(anonymous_8)
FN:36,(anonymous_9)
FNF:6
FNH:0
FNDA:0,MagicLinkHandler
FNDA:0,(anonymous_5)
FNDA:0,(anonymous_6)
FNDA:0,(anonymous_7)
FNDA:0,(anonymous_8)
FNDA:0,(anonymous_9)
DA:3,0
DA:4,0
DA:6,0
DA:7,0
DA:9,0
DA:10,0
DA:11,0
DA:13,0
DA:14,0
DA:15,0
DA:18,0
DA:19,0
DA:21,0
DA:23,0
DA:24,0
DA:25,0
DA:28,0
DA:31,0
DA:36,0
DA:37,0
DA:40,0
DA:44,0
DA:47,0
LF:23
LH:0
BRDA:11,0,0,0
BRDA:21,1,0,0
BRDA:21,2,0,0
BRDA:21,2,1,0
BRDA:24,3,0,0
BRDA:24,4,0,0
BRDA:24,4,1,0
BRF:7
BRH:0
end_of_record
TN:
SF:src\components\auth\MigrationMessage.tsx
FN:27,MigrationMessage
FN:53,useMigrationMessage
FN:54,(anonymous_5)
FN:67,(anonymous_6)
FNF:4
FNH:0
FNDA:0,MigrationMessage
FNDA:0,useMigrationMessage
FNDA:0,(anonymous_5)
FNDA:0,(anonymous_6)
DA:7,0
DA:8,0
DA:12,0
DA:20,0
DA:27,0
DA:28,0
DA:29,0
DA:53,0
DA:54,0
DA:56,0
DA:57,0
DA:59,0
DA:60,0
DA:61,0
DA:64,0
DA:67,0
DA:68,0
DA:69,0
DA:72,0
LF:19
LH:0
BRDA:32,0,0,0
BRDA:32,0,1,0
BRDA:37,1,0,0
BRDA:59,2,0,0
BRF:4
BRH:0
end_of_record
TN:
SF:src\components\auth\SmartVerifiedPage.tsx
FN:14,SmartVerifiedPage
FN:20,(anonymous_5)
FN:23,(anonymous_6)
FN:30,(anonymous_7)
FN:65,(anonymous_8)
FN:70,(anonymous_9)
FN:77,(anonymous_10)
FN:78,(anonymous_11)
FN:81,(anonymous_12)
FN:85,(anonymous_13)
FNF:10
FNH:0
FNDA:0,SmartVerifiedPage
FNDA:0,(anonymous_5)
FNDA:0,(anonymous_6)
FNDA:0,(anonymous_7)
FNDA:0,(anonymous_8)
FNDA:0,(anonymous_9)
FNDA:0,(anonymous_10)
FNDA:0,(anonymous_11)
FNDA:0,(anonymous_12)
FNDA:0,(anonymous_13)
DA:3,0
DA:4,0
DA:5,0
DA:6,0
DA:7,0
DA:14,0
DA:18,0
DA:19,0
DA:20,0
DA:23,0
DA:24,0
DA:26,0
DA:27,0
DA:30,0
DA:31,0
DA:32,0
DA:34,0
DA:36,0
DA:44,0
DA:45,0
DA:48,0
DA:49,0
DA:51,0
DA:52,0
DA:53,0
DA:55,0
DA:56,0
DA:59,0
DA:60,0
DA:65,0
DA:66,0
DA:70,0
DA:71,0
DA:72,0
DA:73,0
DA:74,0
DA:77,0
DA:78,0
DA:81,0
DA:85,0
DA:86,0
DA:87,0
LF:42
LH:0
BRDA:15,0,0,0
BRDA:24,1,0,0
BRDA:34,2,0,0
BRDA:34,2,1,0
BRDA:71,3,0,0
BRDA:100,4,0,0
BRF:6
BRH:0
end_of_record
TN:
SF:src\components\dev\StartupValidationStatus.tsx
FN:26,StartupValidationStatus
FN:78,(anonymous_7)
FN:83,(anonymous_8)
FN:98,(anonymous_9)
FN:131,FullStatusView
FN:241,(anonymous_11)
FN:248,(anonymous_12)
FN:269,DevStartupValidationStatus
FNF:8
FNH:0
FNDA:0,StartupValidationStatus
FNDA:0,(anonymous_7)
FNDA:0,(anonymous_8)
FNDA:0,(anonymous_9)
FNDA:0,FullStatusView
FNDA:0,(anonymous_11)
FNDA:0,(anonymous_12)
FNDA:0,DevStartupValidationStatus
DA:9,0
DA:10,0
DA:26,0
DA:31,0
DA:39,0
DA:48,0
DA:54,0
DA:62,0
DA:65,0
DA:66,0
DA:70,0
DA:71,0
DA:78,0
DA:79,0
DA:80,0
DA:83,0
DA:84,0
DA:85,0
DA:88,0
DA:94,0
DA:98,0
DA:241,0
DA:250,0
DA:269,0
DA:270,0
DA:271,0
LF:26
LH:0
BRDA:27,0,0,0
BRDA:28,1,0,0
BRDA:29,2,0,0
BRDA:65,3,0,0
BRDA:65,4,0,0
BRDA:65,4,1,0
BRDA:70,5,0,0
BRDA:70,6,0,0
BRDA:70,6,1,0
BRDA:79,7,0,0
BRDA:80,8,0,0
BRDA:80,8,1,0
BRDA:84,9,0,0
BRDA:85,10,0,0
BRDA:85,10,1,0
BRDA:88,11,0,0
BRDA:88,11,1,0
BRDA:94,12,0,0
BRDA:100,13,0,0
BRDA:100,13,1,0
BRDA:108,14,0,0
BRDA:139,15,0,0
BRDA:139,15,1,0
BRDA:153,16,0,0
BRDA:157,17,0,0
BRDA:157,17,1,0
BRDA:160,18,0,0
BRDA:161,19,0,0
BRDA:161,19,1,0
BRDA:197,20,0,0
BRDA:204,21,0,0
BRDA:213,22,0,0
BRDA:221,23,0,0
BRDA:221,23,1,0
BRDA:227,24,0,0
BRDA:227,24,1,0
BRDA:229,25,0,0
BRDA:238,26,0,0
BRDA:246,27,0,0
BRDA:270,28,0,0
BRF:40
BRH:0
end_of_record
TN:
SF:src\components\monitoring\MonitoringDashboard.tsx
FN:76,(anonymous_4)
FN:85,(anonymous_5)
FN:109,(anonymous_6)
FN:114,(anonymous_7)
FN:119,(anonymous_8)
FN:124,(anonymous_9)
FN:141,(anonymous_10)
FN:156,(anonymous_11)
FN:169,(anonymous_12)
FN:208,(anonymous_13)
FN:309,(anonymous_14)
FN:315,(anonymous_15)
FN:459,(anonymous_16)
FN:460,(anonymous_17)
FN:489,(anonymous_18)
FN:490,(anonymous_19)
FN:516,(anonymous_20)
FN:517,(anonymous_21)
FN:547,(anonymous_22)
FN:573,(anonymous_23)
FNF:20
FNH:0
FNDA:0,(anonymous_4)
FNDA:0,(anonymous_5)
FNDA:0,(anonymous_6)
FNDA:0,(anonymous_7)
FNDA:0,(anonymous_8)
FNDA:0,(anonymous_9)
FNDA:0,(anonymous_10)
FNDA:0,(anonymous_11)
FNDA:0,(anonymous_12)
FNDA:0,(anonymous_13)
FNDA:0,(anonymous_14)
FNDA:0,(anonymous_15)
FNDA:0,(anonymous_16)
FNDA:0,(anonymous_17)
FNDA:0,(anonymous_18)
FNDA:0,(anonymous_19)
FNDA:0,(anonymous_20)
FNDA:0,(anonymous_21)
FNDA:0,(anonymous_22)
FNDA:0,(anonymous_23)
DA:3,0
DA:4,0
DA:5,0
DA:6,0
DA:7,0
DA:8,0
DA:9,0
DA:24,0
DA:76,0
DA:77,0
DA:78,0
DA:79,0
DA:80,0
DA:81,0
DA:82,0
DA:85,0
DA:86,0
DA:87,0
DA:88,0
DA:92,0
DA:93,0
DA:96,0
DA:97,0
DA:98,0
DA:99,0
DA:101,0
DA:102,0
DA:104,0
DA:109,0
DA:110,0
DA:114,0
DA:115,0
DA:117,0
DA:118,0
DA:119,0
DA:124,0
DA:125,0
DA:129,0
DA:131,0
DA:134,0
DA:136,0
DA:141,0
DA:142,0
DA:146,0
DA:149,0
DA:151,0
DA:156,0
DA:157,0
DA:158,0
DA:159,0
DA:160,0
DA:161,0
DA:162,0
DA:164,0
DA:169,0
DA:170,0
DA:171,0
DA:172,0
DA:182,0
DA:183,0
DA:186,0
DA:189,0
DA:190,0
DA:191,0
DA:192,0
DA:193,0
DA:194,0
DA:195,0
DA:198,0
DA:200,0
DA:201,0
DA:203,0
DA:208,0
DA:209,0
DA:210,0
DA:221,0
DA:223,0
DA:227,0
DA:238,0
DA:258,0
DA:259,0
DA:262,0
DA:263,0
DA:310,0
DA:315,0
DA:459,0
DA:461,0
DA:489,0
DA:491,0
DA:516,0
DA:518,0
DA:548,0
DA:574,0
DA:597,0
LF:94
LH:0
BRDA:92,0,0,0
BRDA:101,1,0,0
BRDA:101,1,1,0
BRDA:117,2,0,0
BRDA:125,3,0,0
BRDA:125,3,1,0
BRDA:125,3,2,0
BRDA:125,3,3,0
BRDA:125,3,4,0
BRDA:125,3,5,0
BRDA:125,3,6,0
BRDA:142,4,0,0
BRDA:142,4,1,0
BRDA:142,4,2,0
BRDA:142,4,3,0
BRDA:142,4,4,0
BRDA:142,4,5,0
BRDA:157,5,0,0
BRDA:157,5,1,0
BRDA:159,6,0,0
BRDA:159,6,1,0
BRDA:161,7,0,0
BRDA:161,7,1,0
BRDA:182,8,0,0
BRDA:189,9,0,0
BRDA:192,10,0,0
BRDA:192,10,1,0
BRDA:201,11,0,0
BRDA:201,11,1,0
BRDA:227,12,0,0
BRDA:227,13,0,0
BRDA:227,13,1,0
BRDA:238,14,0,0
BRDA:238,15,0,0
BRDA:238,15,1,0
BRDA:258,16,0,0
BRDA:272,17,0,0
BRDA:272,17,1,0
BRDA:287,18,0,0
BRDA:287,18,1,0
BRDA:288,19,0,0
BRDA:288,19,1,0
BRDA:296,20,0,0
BRDA:296,20,1,0
BRDA:303,21,0,0
BRDA:321,22,0,0
BRDA:459,23,0,0
BRDA:459,23,1,0
BRDA:470,24,0,0
BRDA:544,25,0,0
BRDA:570,26,0,0
BRDA:581,27,0,0
BRF:52
BRH:0
end_of_record
TN:
SF:src\components\polyfills\ClientPolyfillProvider.tsx
FN:10,ClientPolyfillProvider
FN:11,(anonymous_4)
FN:22,useBrowserAPIs
FN:23,(anonymous_6)
FNF:4
FNH:0
FNDA:0,ClientPolyfillProvider
FNDA:0,(anonymous_4)
FNDA:0,useBrowserAPIs
FNDA:0,(anonymous_6)
DA:3,0
DA:4,0
DA:10,0
DA:11,0
DA:13,0
DA:22,0
DA:23,0
DA:24,0
DA:27,0
LF:9
LH:0
BRDA:29,0,0,0
BRDA:29,0,1,0
BRDA:30,1,0,0
BRDA:30,1,1,0
BRDA:31,2,0,0
BRDA:31,2,1,0
BRF:6
BRH:0
end_of_record
TN:
SF:src\components\providers\StartupValidationProvider.tsx
FN:49,StartupValidationProvider
FN:70,(anonymous_8)
FN:162,(anonymous_9)
FN:166,(anonymous_10)
FN:179,(anonymous_11)
FN:211,useStartupValidation
FN:232,StartupValidationGuard
FN:276,(anonymous_14)
FN:279,(anonymous_15)
FNF:9
FNH:0
FNDA:0,StartupValidationProvider
FNDA:0,(anonymous_8)
FNDA:0,(anonymous_9)
FNDA:0,(anonymous_10)
FNDA:0,(anonymous_11)
FNDA:0,useStartupValidation
FNDA:0,StartupValidationGuard
FNDA:0,(anonymous_14)
FNDA:0,(anonymous_15)
DA:9,0
DA:10,0
DA:43,0
DA:49,0
DA:58,0
DA:59,0
DA:60,0
DA:61,0
DA:62,0
DA:63,0
DA:64,0
DA:70,0
DA:71,0
DA:72,0
DA:73,0
DA:74,0
DA:77,0
DA:78,0
DA:79,0
DA:81,0
DA:83,0
DA:84,0
DA:85,0
DA:87,0
DA:93,0
DA:94,0
DA:95,0
DA:97,0
DA:98,0
DA:99,0
DA:102,0
DA:103,0
DA:104,0
DA:109,0
DA:115,0
DA:116,0
DA:117,0
DA:119,0
DA:120,0
DA:121,0
DA:122,0
DA:123,0
DA:126,0
DA:129,0
DA:133,0
DA:148,0
DA:149,0
DA:150,0
DA:151,0
DA:153,0
DA:154,0
DA:162,0
DA:163,0
DA:166,0
DA:167,0
DA:168,0
DA:169,0
DA:170,0
DA:171,0
DA:179,0
DA:180,0
DA:181,0
DA:189,0
DA:211,0
DA:212,0
DA:214,0
DA:215,0
DA:218,0
DA:232,0
DA:245,0
DA:248,0
DA:261,0
DA:277,0
DA:280,0
DA:282,0
DA:283,0
DA:285,0
DA:286,0
DA:288,0
LF:79
LH:0
BRDA:51,0,0,0
BRDA:52,1,0,0
BRDA:53,2,0,0
BRDA:54,3,0,0
BRDA:71,4,0,0
BRDA:83,5,0,0
BRDA:85,6,0,0
BRDA:97,7,0,0
BRDA:119,8,0,0
BRDA:119,8,1,0
BRDA:121,9,0,0
BRDA:129,10,0,0
BRDA:129,10,1,0
BRDA:180,11,0,0
BRDA:180,12,0,0
BRDA:180,12,1,0
BRDA:214,13,0,0
BRDA:235,14,0,0
BRDA:236,15,0,0
BRDA:248,16,0,0
BRDA:249,17,0,0
BRDA:261,18,0,0
BRDA:261,19,0,0
BRDA:261,19,1,0
BRDA:261,19,2,0
BRDA:261,19,3,0
BRDA:280,20,0,0
BRDA:280,20,1,0
BRDA:280,20,2,0
BRDA:292,21,0,0
BRDA:292,21,1,0
BRDA:301,22,0,0
BRDA:311,23,0,0
BRDA:311,23,1,0
BRF:34
BRH:0
end_of_record
TN:
SF:src\components\pwa\DeploymentUpdateNotification.tsx
FN:17,DeploymentUpdateNotification
FN:27,(anonymous_4)
FN:29,(anonymous_5)
FN:43,(anonymous_6)
FN:48,(anonymous_7)
FN:59,(anonymous_8)
FN:69,(anonymous_9)
FN:74,(anonymous_10)
FN:162,useDeploymentUpdateNotification
FN:166,(anonymous_12)
FN:167,(anonymous_13)
FN:174,(anonymous_14)
FN:179,(anonymous_15)
FN:184,(anonymous_16)
FN:188,(anonymous_17)
FNF:15
FNH:0
FNDA:0,DeploymentUpdateNotification
FNDA:0,(anonymous_4)
FNDA:0,(anonymous_5)
FNDA:0,(anonymous_6)
FNDA:0,(anonymous_7)
FNDA:0,(anonymous_8)
FNDA:0,(anonymous_9)
FNDA:0,(anonymous_10)
FNDA:0,useDeploymentUpdateNotification
FNDA:0,(anonymous_12)
FNDA:0,(anonymous_13)
FNDA:0,(anonymous_14)
FNDA:0,(anonymous_15)
FNDA:0,(anonymous_16)
FNDA:0,(anonymous_17)
DA:3,0
DA:4,0
DA:17,0
DA:23,0
DA:24,0
DA:25,0
DA:27,0
DA:29,0
DA:30,0
DA:31,0
DA:32,0
DA:35,0
DA:38,0
DA:39,0
DA:40,0
DA:43,0
DA:44,0
DA:48,0
DA:49,0
DA:51,0
DA:53,0
DA:55,0
DA:56,0
DA:59,0
DA:60,0
DA:64,0
DA:65,0
DA:69,0
DA:70,0
DA:71,0
DA:74,0
DA:75,0
DA:78,0
DA:79,0
DA:162,0
DA:163,0
DA:164,0
DA:166,0
DA:167,0
DA:168,0
DA:169,0
DA:172,0
DA:174,0
DA:175,0
DA:179,0
DA:180,0
DA:181,0
DA:184,0
DA:185,0
DA:188,0
DA:189,0
DA:192,0
LF:52
LH:0
BRDA:20,0,0,0
BRDA:21,1,0,0
BRDA:39,2,0,0
BRDA:55,3,0,0
BRDA:55,3,1,0
BRDA:78,4,0,0
BRDA:78,5,0,0
BRDA:78,5,1,0
BRDA:100,6,0,0
BRDA:114,7,0,0
BRDA:114,7,1,0
BRDA:127,8,0,0
BRDA:138,9,0,0
BRDA:143,10,0,0
BRF:14
BRH:0
end_of_record
TN:
SF:src\components\pwa\InstallPrompt.tsx
FN:15,InstallPrompt
FN:20,(anonymous_2)
FN:27,(anonymous_3)
FN:36,(anonymous_4)
FN:43,(anonymous_5)
FN:53,(anonymous_6)
FN:59,(anonymous_7)
FN:81,(anonymous_8)
FNF:8
FNH:0
FNDA:0,InstallPrompt
FNDA:0,(anonymous_2)
FNDA:0,(anonymous_3)
FNDA:0,(anonymous_4)
FNDA:0,(anonymous_5)
FNDA:0,(anonymous_6)
FNDA:0,(anonymous_7)
FNDA:0,(anonymous_8)
DA:3,0
DA:4,0
DA:15,0
DA:16,0
DA:17,0
DA:18,0
DA:20,0
DA:22,0
DA:23,0
DA:27,0
DA:28,0
DA:29,0
DA:30,0
DA:33,0
DA:36,0
DA:37,0
DA:38,0
DA:39,0
DA:43,0
DA:44,0
DA:45,0
DA:46,0
DA:47,0
DA:50,0
DA:51,0
DA:53,0
DA:54,0
DA:55,0
DA:59,0
DA:60,0
DA:61,0
DA:64,0
DA:65,0
DA:66,0
DA:68,0
DA:69,0
DA:71,0
DA:74,0
DA:75,0
DA:77,0
DA:81,0
DA:82,0
DA:84,0
DA:88,0
DA:89,0
LF:45
LH:0
BRDA:22,0,0,0
BRDA:30,1,0,0
BRDA:30,1,1,0
BRDA:60,2,0,0
BRDA:68,3,0,0
BRDA:68,3,1,0
BRDA:88,4,0,0
BRDA:88,5,0,0
BRDA:88,5,1,0
BRDA:88,5,2,0
BRF:10
BRH:0
end_of_record
TN:
SF:src\components\pwa\OfflineHandler.tsx
FN:16,OfflineHandler
FN:23,(anonymous_4)
FN:31,(anonymous_5)
FN:33,(anonymous_6)
FN:34,(anonymous_7)
FN:41,(anonymous_8)
FN:42,(anonymous_9)
FN:46,(anonymous_10)
FN:47,(anonymous_11)
FN:61,(anonymous_12)
FN:68,(anonymous_13)
FN:74,(anonymous_14)
FN:78,(anonymous_15)
FN:79,(anonymous_16)
FN:168,useOfflineStatus
FN:171,(anonymous_18)
FN:178,(anonymous_19)
FN:179,(anonymous_20)
FN:184,(anonymous_21)
FNF:19
FNH:0
FNDA:0,OfflineHandler
FNDA:0,(anonymous_4)
FNDA:0,(anonymous_5)
FNDA:0,(anonymous_6)
FNDA:0,(anonymous_7)
FNDA:0,(anonymous_8)
FNDA:0,(anonymous_9)
FNDA:0,(anonymous_10)
FNDA:0,(anonymous_11)
FNDA:0,(anonymous_12)
FNDA:0,(anonymous_13)
FNDA:0,(anonymous_14)
FNDA:0,(anonymous_15)
FNDA:0,(anonymous_16)
FNDA:0,useOfflineStatus
FNDA:0,(anonymous_18)
FNDA:0,(anonymous_19)
FNDA:0,(anonymous_20)
FNDA:0,(anonymous_21)
DA:3,0
DA:4,0
DA:16,0
DA:17,0
DA:23,0
DA:25,0
DA:26,0
DA:30,0
DA:31,0
DA:33,0
DA:34,0
DA:41,0
DA:42,0
DA:46,0
DA:47,0
DA:56,0
DA:57,0
DA:60,0
DA:61,0
DA:62,0
DA:63,0
DA:68,0
DA:69,0
DA:70,0
DA:74,0
DA:75,0
DA:78,0
DA:79,0
DA:82,0
DA:83,0
DA:168,0
DA:169,0
DA:171,0
DA:172,0
DA:173,0
DA:176,0
DA:178,0
DA:179,0
DA:181,0
DA:182,0
DA:184,0
DA:185,0
DA:186,0
DA:190,0
LF:44
LH:0
BRDA:25,0,0,0
BRDA:25,1,0,0
BRDA:25,1,1,0
BRDA:60,2,0,0
BRDA:62,3,0,0
BRDA:82,4,0,0
BRDA:89,5,0,0
BRDA:89,5,1,0
BRDA:96,6,0,0
BRDA:111,7,0,0
BRDA:111,7,1,0
BRDA:115,8,0,0
BRDA:115,8,1,0
BRDA:118,9,0,0
BRDA:118,9,1,0
BRDA:122,10,0,0
BRDA:122,10,1,0
BRDA:127,11,0,0
BRDA:150,12,0,0
BRDA:150,12,1,0
BRDA:172,13,0,0
BRDA:172,14,0,0
BRDA:172,14,1,0
BRF:23
BRH:0
end_of_record
TN:
SF:src\components\pwa\ServiceWorkerManager.tsx
FN:18,ServiceWorkerManager
FN:27,(anonymous_4)
FN:38,(anonymous_5)
FN:39,(anonymous_6)
FN:49,(anonymous_7)
FN:53,(anonymous_8)
FN:55,(anonymous_9)
FN:63,(anonymous_10)
FN:66,(anonymous_11)
FN:69,(anonymous_12)
FN:71,(anonymous_13)
FN:75,(anonymous_14)
FN:99,(anonymous_15)
FN:105,(anonymous_16)
FN:110,(anonymous_17)
FN:143,(anonymous_18)
FN:156,(anonymous_19)
FN:164,(anonymous_20)
FN:166,(anonymous_21)
FN:167,(anonymous_22)
FN:176,(anonymous_23)
FN:185,(anonymous_24)
FN:199,useServiceWorker
FN:203,(anonymous_26)
FN:207,(anonymous_27)
FN:213,(anonymous_28)
FNF:26
FNH:0
FNDA:0,ServiceWorkerManager
FNDA:0,(anonymous_4)
FNDA:0,(anonymous_5)
FNDA:0,(anonymous_6)
FNDA:0,(anonymous_7)
FNDA:0,(anonymous_8)
FNDA:0,(anonymous_9)
FNDA:0,(anonymous_10)
FNDA:0,(anonymous_11)
FNDA:0,(anonymous_12)
FNDA:0,(anonymous_13)
FNDA:0,(anonymous_14)
FNDA:0,(anonymous_15)
FNDA:0,(anonymous_16)
FNDA:0,(anonymous_17)
FNDA:0,(anonymous_18)
FNDA:0,(anonymous_19)
FNDA:0,(anonymous_20)
FNDA:0,(anonymous_21)
FNDA:0,(anonymous_22)
FNDA:0,(anonymous_23)
FNDA:0,(anonymous_24)
FNDA:0,useServiceWorker
FNDA:0,(anonymous_26)
FNDA:0,(anonymous_27)
FNDA:0,(anonymous_28)
DA:3,0
DA:4,0
DA:18,0
DA:19,0
DA:27,0
DA:29,0
DA:30,0
DA:34,0
DA:35,0
DA:37,0
DA:38,0
DA:39,0
DA:40,0
DA:44,0
DA:48,0
DA:49,0
DA:50,0
DA:53,0
DA:55,0
DA:56,0
DA:57,0
DA:62,0
DA:63,0
DA:66,0
DA:67,0
DA:68,0
DA:69,0
DA:71,0
DA:72,0
DA:74,0
DA:75,0
DA:78,0
DA:82,0
DA:84,0
DA:86,0
DA:87,0
DA:91,0
DA:99,0
DA:100,0
DA:102,0
DA:104,0
DA:105,0
DA:106,0
DA:109,0
DA:110,0
DA:111,0
DA:114,0
DA:115,0
DA:118,0
DA:121,0
DA:122,0
DA:125,0
DA:128,0
DA:129,0
DA:130,0
DA:133,0
DA:134,0
DA:135,0
DA:138,0
DA:143,0
DA:145,0
DA:149,0
DA:150,0
DA:155,0
DA:156,0
DA:164,0
DA:166,0
DA:167,0
DA:171,0
DA:175,0
DA:176,0
DA:177,0
DA:178,0
DA:181,0
DA:182,0
DA:185,0
DA:186,0
DA:188,0
DA:193,0
DA:199,0
DA:200,0
DA:201,0
DA:203,0
DA:204,0
DA:205,0
DA:207,0
DA:208,0
DA:213,0
DA:214,0
DA:215,0
DA:219,0
LF:91
LH:0
BRDA:29,0,0,0
BRDA:29,1,0,0
BRDA:29,1,1,0
BRDA:34,2,0,0
BRDA:37,3,0,0
BRDA:48,4,0,0
BRDA:68,5,0,0
BRDA:72,6,0,0
BRDA:72,7,0,0
BRDA:72,7,1,0
BRDA:78,8,0,0
BRDA:78,8,1,0
BRDA:78,8,2,0
BRDA:82,9,0,0
BRDA:82,9,1,0
BRDA:84,10,0,0
BRDA:86,11,0,0
BRDA:100,12,0,0
BRDA:100,12,1,0
BRDA:102,13,0,0
BRDA:102,13,1,0
BRDA:102,13,2,0
BRDA:102,13,3,0
BRDA:102,13,4,0
BRDA:102,13,5,0
BRDA:102,13,6,0
BRDA:145,14,0,0
BRDA:145,14,1,0
BRDA:145,14,2,0
BRDA:149,15,0,0
BRDA:158,16,0,0
BRDA:158,16,1,0
BRDA:175,17,0,0
BRDA:175,17,1,0
BRDA:204,18,0,0
BRDA:204,19,0,0
BRDA:204,19,1,0
BRDA:214,20,0,0
BRDA:214,21,0,0
BRDA:214,21,1,0
BRDA:214,21,2,0
BRF:41
BRH:0
end_of_record
TN:
SF:src\components\reservations\InfiniteReservationList.tsx
FN:21,InfiniteReservationList
FN:43,(anonymous_4)
FN:60,(anonymous_5)
FN:78,(anonymous_6)
FN:87,(anonymous_7)
FN:95,(anonymous_8)
FN:106,(anonymous_9)
FN:110,(anonymous_10)
FN:160,(anonymous_11)
FN:165,(anonymous_12)
FN:214,(anonymous_13)
FN:260,ReservationCard
FNF:12
FNH:0
FNDA:0,InfiniteReservationList
FNDA:0,(anonymous_4)
FNDA:0,(anonymous_5)
FNDA:0,(anonymous_6)
FNDA:0,(anonymous_7)
FNDA:0,(anonymous_8)
FNDA:0,(anonymous_9)
FNDA:0,(anonymous_10)
FNDA:0,(anonymous_11)
FNDA:0,(anonymous_12)
FNDA:0,(anonymous_13)
FNDA:0,ReservationCard
DA:3,0
DA:4,0
DA:5,0
DA:6,0
DA:7,0
DA:8,0
DA:9,0
DA:10,0
DA:11,0
DA:21,0
DA:27,0
DA:39,0
DA:42,0
DA:44,0
DA:45,0
DA:46,0
DA:54,0
DA:60,0
DA:61,0
DA:67,0
DA:68,0
DA:69,0
DA:70,0
DA:78,0
DA:79,0
DA:80,0
DA:81,0
DA:87,0
DA:88,0
DA:89,0
DA:95,0
DA:96,0
DA:106,0
DA:107,0
DA:111,0
DA:129,0
DA:130,0
DA:139,0
DA:141,0
DA:160,0
DA:165,0
DA:179,0
DA:188,0
DA:215,0
DA:265,0
DA:266,0
DA:331,0
LF:47
LH:0
BRDA:24,0,0,0
BRDA:25,1,0,0
BRDA:45,2,0,0
BRDA:45,3,0,0
BRDA:45,3,1,0
BRDA:45,3,2,0
BRDA:45,3,3,0
BRDA:68,4,0,0
BRDA:68,5,0,0
BRDA:68,5,1,0
BRDA:68,5,2,0
BRDA:79,6,0,0
BRDA:88,7,0,0
BRDA:88,8,0,0
BRDA:88,8,1,0
BRDA:97,9,0,0
BRDA:97,9,1,0
BRDA:129,10,0,0
BRDA:131,11,0,0
BRDA:131,11,1,0
BRDA:139,12,0,0
BRDA:139,12,1,0
BRDA:139,12,2,0
BRDA:141,13,0,0
BRDA:141,13,1,0
BRDA:150,14,0,0
BRDA:150,14,1,0
BRDA:152,15,0,0
BRDA:152,15,1,0
BRDA:154,16,0,0
BRDA:154,16,1,0
BRDA:163,17,0,0
BRDA:179,18,0,0
BRDA:188,19,0,0
BRDA:224,20,0,0
BRDA:233,21,0,0
BRDA:233,21,1,0
BRDA:246,22,0,0
BRDA:246,22,1,0
BRDA:270,23,0,0
BRDA:270,23,1,0
BRDA:277,24,0,0
BRDA:285,25,0,0
BRDA:285,25,1,0
BRDA:306,26,0,0
BRDA:306,26,1,0
BRDA:306,26,2,0
BRDA:306,26,3,0
BRDA:314,27,0,0
BRDA:314,27,1,0
BRDA:318,28,0,0
BRDA:318,28,1,0
BRDA:321,29,0,0
BRDA:321,29,1,0
BRF:54
BRH:0
end_of_record
TN:
SF:src\components\ui\accordion.tsx
FNF:0
FNH:0
DA:3,0
DA:4,0
DA:5,0
DA:7,0
DA:9,0
DA:21,0
DA:41,0
DA:56,0
DA:58,0
LF:9
LH:0
BRF:0
BRH:0
end_of_record
TN:
SF:src\components\ui\alert.tsx
FNF:0
FNH:0
DA:1,0
DA:2,0
DA:4,0
DA:6,0
DA:33,0
DA:45,0
DA:57,0
DA:59,0
LF:8
LH:0
BRF:0
BRH:0
end_of_record
TN:
SF:src\components\ui\auth-prompt.tsx
FN:18,AuthPrompt
FN:29,(anonymous_2)
FN:37,(anonymous_3)
FN:45,(anonymous_4)
FNF:4
FNH:0
FNDA:0,AuthPrompt
FNDA:0,(anonymous_2)
FNDA:0,(anonymous_3)
FNDA:0,(anonymous_4)
DA:3,0
DA:4,0
DA:5,0
DA:6,0
DA:18,0
DA:27,0
DA:29,0
DA:30,0
DA:31,0
DA:33,0
DA:37,0
DA:38,0
DA:39,0
DA:41,0
DA:45,0
DA:46,0
DA:48,0
DA:56,0
DA:64,0
DA:74,0
LF:20
LH:0
BRDA:19,0,0,0
BRDA:20,1,0,0
BRDA:21,2,0,0
BRDA:22,3,0,0
BRDA:23,4,0,0
BRDA:30,5,0,0
BRDA:30,5,1,0
BRDA:38,6,0,0
BRDA:38,6,1,0
BRDA:46,7,0,0
BRDA:46,7,1,0
BRDA:46,7,2,0
BRDA:93,8,0,0
BRF:13
BRH:0
end_of_record
TN:
SF:src\components\ui\auth-state-indicator.tsx
FN:12,AuthStateIndicator
FNF:1
FNH:0
FNDA:0,AuthStateIndicator
DA:3,0
DA:4,0
DA:5,0
DA:12,0
DA:16,0
DA:18,0
DA:27,0
LF:7
LH:0
BRDA:13,0,0,0
BRDA:14,1,0,0
BRDA:18,2,0,0
BRDA:18,3,0,0
BRDA:18,3,1,0
BRDA:27,4,0,0
BRDA:27,5,0,0
BRDA:27,5,1,0
BRDA:39,6,0,0
BRDA:39,6,1,0
BRDA:43,7,0,0
BRDA:49,8,0,0
BRDA:51,9,0,0
BRDA:51,9,1,0
BRF:14
BRH:0
end_of_record
TN:
SF:src\components\ui\avatar.tsx
FNF:0
FNH:0
DA:3,0
DA:4,0
DA:6,0
DA:21,0
DA:33,0
DA:48,0
DA:50,0
LF:7
LH:0
BRF:0
BRH:0
end_of_record
TN:
SF:src\components\ui\badge.tsx
FN:30,Badge
FNF:1
FNH:0
FNDA:0,Badge
DA:1,0
DA:2,0
DA:4,0
DA:6,0
DA:36,0
LF:5
LH:0
BRF:0
BRH:0
end_of_record
TN:
SF:src\components\ui\button.tsx
FN:43,(anonymous_6)
FNF:1
FNH:0
FNDA:0,(anonymous_6)
DA:1,0
DA:2,0
DA:3,0
DA:5,0
DA:7,0
DA:42,0
DA:44,0
DA:54,0
DA:56,0
LF:9
LH:0
BRDA:43,0,0,0
BRDA:44,1,0,0
BRDA:44,1,1,0
BRF:3
BRH:0
end_of_record
TN:
SF:src\components\ui\calendar.tsx
FN:14,Calendar
FN:39,(anonymous_7)
FN:125,(anonymous_8)
FN:135,(anonymous_9)
FN:156,(anonymous_10)
FN:172,CalendarDayButton
FN:181,(anonymous_12)
FNF:7
FNH:0
FNDA:0,Calendar
FNDA:0,(anonymous_7)
FNDA:0,(anonymous_8)
FNDA:0,(anonymous_9)
FNDA:0,(anonymous_10)
FNDA:0,CalendarDayButton
FNDA:0,(anonymous_12)
DA:3,0
DA:8,0
DA:9,0
DA:11,0
DA:12,0
DA:26,0
DA:40,0
DA:136,0
DA:142,0
DA:178,0
DA:180,0
DA:181,0
DA:182,0
DA:210,0
LF:14
LH:0
BRDA:17,0,0,0
BRDA:18,1,0,0
BRDA:19,2,0,0
BRDA:79,3,0,0
BRDA:79,3,1,0
BRDA:136,4,0,0
BRDA:142,5,0,0
BRDA:182,6,0,0
BRDA:192,7,0,0
BRDA:192,7,1,0
BRDA:192,7,2,0
BRDA:192,7,3,0
BRF:12
BRH:0
end_of_record
TN:
SF:src\components\ui\card.tsx
FNF:0
FNH:0
DA:1,0
DA:3,0
DA:18,0
DA:30,0
DA:45,0
DA:57,0
DA:65,0
DA:77,0
DA:79,0
LF:9
LH:0
BRF:0
BRH:0
end_of_record
TN:
SF:src\components\ui\checkbox.tsx
FNF:0
FNH:0
DA:3,0
DA:4,0
DA:5,0
DA:7,0
DA:28,0
DA:30,0
LF:6
LH:0
BRF:0
BRH:0
end_of_record
TN:
SF:src\components\ui\dialog.tsx
FNF:0
FNH:0
DA:3,0
DA:4,0
DA:5,0
DA:7,0
DA:9,0
DA:11,0
DA:13,0
DA:15,0
DA:30,0
DA:60,0
DA:74,0
DA:88,0
DA:103,0
DA:115,0
DA:118,0
DA:119,0
DA:120,0
DA:121,0
DA:122,0
DA:123,0
DA:124,0
DA:125,0
DA:126,0
DA:127,0
LF:24
LH:0
BRF:0
BRH:0
end_of_record
TN:
SF:src\components\ui\dropdown-menu.tsx
FN:171,(anonymous_27)
FNF:1
FNH:0
FNDA:0,(anonymous_27)
DA:3,0
DA:4,0
DA:5,0
DA:7,0
DA:9,0
DA:11,0
DA:13,0
DA:15,0
DA:17,0
DA:19,0
DA:40,0
DA:56,0
DA:75,0
DA:93,0
DA:116,0
DA:139,0
DA:157,0
DA:169,0
DA:171,0
DA:182,0
DA:185,0
DA:186,0
DA:187,0
DA:188,0
DA:189,0
DA:190,0
DA:191,0
DA:192,0
DA:193,0
DA:194,0
DA:195,0
DA:196,0
DA:197,0
DA:198,0
DA:199,0
LF:35
LH:0
BRDA:31,0,0,0
BRDA:31,0,1,0
BRDA:62,1,0,0
BRDA:87,2,0,0
BRDA:87,2,1,0
BRDA:151,3,0,0
BRDA:151,3,1,0
BRF:7
BRH:0
end_of_record
TN:
SF:src\components\ui\enhanced-loading-state.tsx
FN:33,EnhancedLoadingState
FN:51,(anonymous_4)
FN:54,(anonymous_5)
FN:64,(anonymous_6)
FN:72,(anonymous_7)
FN:153,(anonymous_8)
FN:163,(anonymous_9)
FN:276,useEnhancedLoadingState
FN:284,(anonymous_11)
FN:285,(anonymous_12)
FN:300,(anonymous_13)
FN:301,(anonymous_14)
FN:315,(anonymous_15)
FN:316,(anonymous_16)
FN:330,(anonymous_17)
FN:331,(anonymous_18)
FNF:16
FNH:0
FNDA:0,EnhancedLoadingState
FNDA:0,(anonymous_4)
FNDA:0,(anonymous_5)
FNDA:0,(anonymous_6)
FNDA:0,(anonymous_7)
FNDA:0,(anonymous_8)
FNDA:0,(anonymous_9)
FNDA:0,useEnhancedLoadingState
FNDA:0,(anonymous_11)
FNDA:0,(anonymous_12)
FNDA:0,(anonymous_13)
FNDA:0,(anonymous_14)
FNDA:0,(anonymous_15)
FNDA:0,(anonymous_16)
FNDA:0,(anonymous_17)
FNDA:0,(anonymous_18)
DA:3,0
DA:4,0
DA:5,0
DA:6,0
DA:7,0
DA:8,0
DA:9,0
DA:33,0
DA:47,0
DA:48,0
DA:51,0
DA:52,0
DA:54,0
DA:55,0
DA:58,0
DA:61,0
DA:62,0
DA:64,0
DA:65,0
DA:66,0
DA:67,0
DA:72,0
DA:73,0
DA:74,0
DA:75,0
DA:76,0
DA:78,0
DA:83,0
DA:106,0
DA:154,0
DA:164,0
DA:200,0
DA:272,0
DA:276,0
DA:277,0
DA:284,0
DA:285,0
DA:287,0
DA:288,0
DA:290,0
DA:300,0
DA:301,0
DA:302,0
DA:303,0
DA:305,0
DA:315,0
DA:316,0
DA:317,0
DA:318,0
DA:320,0
DA:330,0
DA:331,0
DA:333,0
DA:334,0
DA:336,0
DA:345,0
LF:56
LH:0
BRDA:36,0,0,0
BRDA:40,1,0,0
BRDA:41,2,0,0
BRDA:42,3,0,0
BRDA:45,4,0,0
BRDA:52,5,0,0
BRDA:73,6,0,0
BRDA:73,6,1,0
BRDA:73,7,0,0
BRDA:73,7,1,0
BRDA:83,8,0,0
BRDA:83,9,0,0
BRDA:83,9,1,0
BRDA:83,9,2,0
BRDA:93,10,0,0
BRDA:93,10,1,0
BRDA:95,11,0,0
BRDA:106,12,0,0
BRDA:106,13,0,0
BRDA:106,13,1,0
BRDA:116,14,0,0
BRDA:116,14,1,0
BRDA:125,15,0,0
BRDA:128,16,0,0
BRDA:138,17,0,0
BRDA:147,18,0,0
BRDA:147,18,1,0
BRDA:157,19,0,0
BRDA:174,20,0,0
BRDA:174,20,1,0
BRDA:184,21,0,0
BRDA:200,22,0,0
BRDA:210,23,0,0
BRDA:210,23,1,0
BRDA:212,24,0,0
BRDA:221,25,0,0
BRDA:231,26,0,0
BRDA:238,27,0,0
BRDA:241,28,0,0
BRDA:255,29,0,0
BRDA:287,30,0,0
BRDA:287,31,0,0
BRDA:287,31,1,0
BRDA:287,31,2,0
BRDA:287,31,3,0
BRDA:302,32,0,0
BRDA:302,33,0,0
BRDA:302,33,1,0
BRDA:302,33,2,0
BRDA:315,34,0,0
BRDA:317,35,0,0
BRDA:317,36,0,0
BRDA:317,36,1,0
BRDA:317,36,2,0
BRDA:325,37,0,0
BRDA:325,37,1,0
BRDA:333,38,0,0
BRDA:333,39,0,0
BRDA:333,39,1,0
BRDA:333,39,2,0
BRDA:333,39,3,0
BRF:61
BRH:0
end_of_record
TN:
SF:src\components\ui\error-message.tsx
FN:17,ErrorMessage
FN:27,(anonymous_2)
FN:35,(anonymous_3)
FNF:3
FNH:0
FNDA:0,ErrorMessage
FNDA:0,(anonymous_2)
FNDA:0,(anonymous_3)
DA:3,0
DA:4,0
DA:5,0
DA:6,0
DA:17,0
DA:25,0
DA:27,0
DA:28,0
DA:29,0
DA:31,0
DA:35,0
DA:36,0
LF:12
LH:0
BRDA:18,0,0,0
BRDA:19,1,0,0
BRDA:20,2,0,0
BRDA:21,3,0,0
BRDA:23,4,0,0
BRDA:28,5,0,0
BRDA:28,5,1,0
BRDA:52,6,0,0
BRDA:58,7,0,0
BRF:9
BRH:0
end_of_record
TN:
SF:src\components\ui\file-upload.tsx
FN:11,FileUpload
FN:20,(anonymous_2)
FN:24,(anonymous_3)
FNF:3
FNH:0
FNDA:0,FileUpload
FNDA:0,(anonymous_2)
FNDA:0,(anonymous_3)
DA:3,0
DA:4,0
DA:11,0
DA:18,0
DA:20,0
DA:21,0
DA:24,0
DA:25,0
DA:26,0
DA:27,0
LF:10
LH:0
BRDA:14,0,0,0
BRDA:26,1,0,0
BRF:2
BRH:0
end_of_record
TN:
SF:src\components\ui\form.tsx
FN:31,(anonymous_12)
FN:44,(anonymous_13)
FN:78,(anonymous_14)
FN:92,(anonymous_15)
FN:109,(anonymous_16)
FN:131,(anonymous_17)
FN:148,(anonymous_18)
FNF:7
FNH:0
FNDA:0,(anonymous_12)
FNDA:0,(anonymous_13)
FNDA:0,(anonymous_14)
FNDA:0,(anonymous_15)
FNDA:0,(anonymous_16)
FNDA:0,(anonymous_17)
FNDA:0,(anonymous_18)
DA:3,0
DA:5,0
DA:13,0
DA:15,0
DA:16,0
DA:18,0
DA:27,0
DA:31,0
DA:44,0
DA:45,0
DA:46,0
DA:47,0
DA:49,0
DA:51,0
DA:52,0
DA:55,0
DA:57,0
DA:71,0
DA:75,0
DA:79,0
DA:87,0
DA:89,0
DA:93,0
DA:104,0
DA:106,0
DA:110,0
DA:126,0
DA:128,0
DA:132,0
DA:143,0
DA:145,0
DA:149,0
DA:150,0
DA:152,0
DA:153,0
DA:167,0
DA:170,0
DA:171,0
DA:172,0
DA:173,0
DA:174,0
DA:175,0
DA:176,0
DA:177,0
LF:44
LH:0
BRDA:51,0,0,0
BRDA:98,1,0,0
BRDA:98,1,1,0
BRDA:117,2,0,0
BRDA:117,2,1,0
BRDA:150,3,0,0
BRDA:150,3,1,0
BRDA:150,4,0,0
BRDA:150,4,1,0
BRDA:152,5,0,0
BRF:10
BRH:0
end_of_record
TN:
SF:src\components\ui\input.tsx
FN:6,(anonymous_4)
FNF:1
FNH:0
FNDA:0,(anonymous_4)
DA:1,0
DA:3,0
DA:5,0
DA:20,0
DA:22,0
LF:5
LH:0
BRF:0
BRH:0
end_of_record
TN:
SF:src\components\ui\label.tsx
FNF:0
FNH:0
DA:3,0
DA:4,0
DA:5,0
DA:7,0
DA:9,0
DA:24,0
DA:26,0
LF:7
LH:0
BRF:0
BRH:0
end_of_record
TN:
SF:src\components\ui\loading-spinner.tsx
FN:12,LoadingSpinner
FNF:1
FNH:0
FNDA:0,LoadingSpinner
DA:3,0
DA:12,0
DA:18,0
DA:24,0
DA:47,0
DA:55,0
LF:6
LH:0
BRDA:13,0,0,0
BRDA:14,1,0,0
BRDA:15,2,0,0
BRDA:16,3,0,0
BRDA:39,4,0,0
BRDA:47,5,0,0
BRF:6
BRH:0
end_of_record
TN:
SF:src\components\ui\mobile-header.tsx
FN:17,MobileHeader
FN:27,(anonymous_2)
FN:41,(anonymous_3)
FNF:3
FNH:0
FNDA:0,MobileHeader
FNDA:0,(anonymous_2)
FNDA:0,(anonymous_3)
DA:3,0
DA:4,0
DA:5,0
DA:17,0
DA:25,0
DA:27,0
DA:29,0
DA:30,0
DA:33,0
DA:34,0
DA:36,0
DA:41,0
DA:42,0
LF:13
LH:0
BRDA:20,0,0,0
BRDA:21,1,0,0
BRDA:29,2,0,0
BRDA:29,2,1,0
BRDA:33,3,0,0
BRDA:33,3,1,0
BRDA:53,4,0,0
BRDA:64,5,0,0
BRDA:64,5,1,0
BRDA:82,6,0,0
BRF:10
BRH:0
end_of_record
TN:
SF:src\components\ui\navigation-breadcrumb.tsx
FN:18,NavigationBreadcrumb
FN:21,(anonymous_2)
FN:30,(anonymous_3)
FN:36,(anonymous_4)
FN:43,(anonymous_5)
FNF:5
FNH:0
FNDA:0,NavigationBreadcrumb
FNDA:0,(anonymous_2)
FNDA:0,(anonymous_3)
FNDA:0,(anonymous_4)
FNDA:0,(anonymous_5)
DA:3,0
DA:4,0
DA:5,0
DA:18,0
DA:19,0
DA:21,0
DA:22,0
DA:30,0
DA:37,0
DA:43,0
LF:10
LH:0
BRDA:18,0,0,0
BRDA:40,1,0,0
BRDA:39,2,0,0
BRDA:39,2,1,0
BRDA:49,3,0,0
BRDA:49,3,1,0
BRF:6
BRH:0
end_of_record
TN:
SF:src\components\ui\navigation-feedback.tsx
FN:22,NavigationFeedback
FN:35,(anonymous_4)
FN:37,(anonymous_5)
FN:40,(anonymous_6)
FN:44,(anonymous_7)
FN:50,(anonymous_8)
FN:102,(anonymous_9)
FN:125,useNavigationFeedback
FN:129,(anonymous_11)
FN:137,(anonymous_12)
FN:145,(anonymous_13)
FN:152,(anonymous_14)
FN:160,(anonymous_15)
FNF:13
FNH:0
FNDA:0,NavigationFeedback
FNDA:0,(anonymous_4)
FNDA:0,(anonymous_5)
FNDA:0,(anonymous_6)
FNDA:0,(anonymous_7)
FNDA:0,(anonymous_8)
FNDA:0,(anonymous_9)
FNDA:0,useNavigationFeedback
FNDA:0,(anonymous_11)
FNDA:0,(anonymous_12)
FNDA:0,(anonymous_13)
FNDA:0,(anonymous_14)
FNDA:0,(anonymous_15)
DA:3,0
DA:4,0
DA:5,0
DA:6,0
DA:7,0
DA:8,0
DA:9,0
DA:22,0
DA:32,0
DA:33,0
DA:35,0
DA:36,0
DA:37,0
DA:38,0
DA:40,0
DA:44,0
DA:45,0
DA:46,0
DA:50,0
DA:51,0
DA:53,0
DA:61,0
DA:69,0
DA:77,0
DA:87,0
DA:89,0
DA:102,0
DA:125,0
DA:126,0
DA:127,0
DA:129,0
DA:130,0
DA:137,0
DA:138,0
DA:145,0
DA:146,0
DA:152,0
DA:153,0
DA:160,0
DA:161,0
DA:167,0
LF:41
LH:0
BRDA:28,0,0,0
BRDA:29,1,0,0
BRDA:30,2,0,0
BRDA:36,3,0,0
BRDA:45,4,0,0
BRDA:51,5,0,0
BRDA:51,5,1,0
BRDA:51,5,2,0
BRDA:51,5,3,0
BRDA:87,6,0,0
BRDA:98,7,0,0
BRDA:113,8,0,0
BRDA:113,8,1,0
BRF:13
BRH:0
end_of_record
TN:
SF:src\components\ui\otp-input-demo.tsx
FN:12,OTPInputDemo
FN:18,(anonymous_5)
FN:24,(anonymous_6)
FN:29,(anonymous_7)
FN:39,(anonymous_8)
FN:52,(anonymous_9)
FN:59,(anonymous_10)
FN:111,(anonymous_11)
FNF:8
FNH:0
FNDA:0,OTPInputDemo
FNDA:0,(anonymous_5)
FNDA:0,(anonymous_6)
FNDA:0,(anonymous_7)
FNDA:0,(anonymous_8)
FNDA:0,(anonymous_9)
FNDA:0,(anonymous_10)
FNDA:0,(anonymous_11)
DA:3,0
DA:4,0
DA:5,0
DA:6,0
DA:12,0
DA:13,0
DA:14,0
DA:15,0
DA:16,0
DA:18,0
DA:19,0
DA:20,0
DA:21,0
DA:24,0
DA:25,0
DA:26,0
DA:29,0
DA:30,0
DA:31,0
DA:32,0
DA:35,0
DA:36,0
DA:39,0
DA:42,0
DA:43,0
DA:44,0
DA:46,0
DA:49,0
DA:52,0
DA:53,0
DA:54,0
DA:55,0
DA:56,0
DA:59,0
DA:60,0
DA:111,0
LF:36
LH:0
BRDA:30,0,0,0
BRDA:42,1,0,0
BRDA:42,1,1,0
BRDA:87,2,0,0
BRDA:87,2,1,0
BRDA:90,3,0,0
BRDA:90,3,1,0
BRDA:102,4,0,0
BRDA:102,4,1,0
BRDA:103,5,0,0
BRDA:103,5,1,0
BRF:11
BRH:0
end_of_record
TN:
SF:src\components\ui\otp-input.tsx
FN:32,(anonymous_4)
FN:50,(anonymous_5)
FN:55,(anonymous_6)
FN:56,(anonymous_7)
FN:62,(anonymous_8)
FN:71,(anonymous_9)
FN:81,(anonymous_10)
FN:86,(anonymous_11)
FN:105,(anonymous_12)
FN:114,(anonymous_13)
FN:154,(anonymous_14)
FN:163,(anonymous_15)
FN:173,(anonymous_16)
FN:178,(anonymous_17)
FN:187,(anonymous_18)
FN:191,(anonymous_19)
FN:205,(anonymous_20)
FN:208,(anonymous_21)
FN:248,(anonymous_22)
FN:249,(anonymous_23)
FN:250,(anonymous_24)
FNF:21
FNH:0
FNDA:0,(anonymous_4)
FNDA:0,(anonymous_5)
FNDA:0,(anonymous_6)
FNDA:0,(anonymous_7)
FNDA:0,(anonymous_8)
FNDA:0,(anonymous_9)
FNDA:0,(anonymous_10)
FNDA:0,(anonymous_11)
FNDA:0,(anonymous_12)
FNDA:0,(anonymous_13)
FNDA:0,(anonymous_14)
FNDA:0,(anonymous_15)
FNDA:0,(anonymous_16)
FNDA:0,(anonymous_17)
FNDA:0,(anonymous_18)
FNDA:0,(anonymous_19)
FNDA:0,(anonymous_20)
FNDA:0,(anonymous_21)
FNDA:0,(anonymous_22)
FNDA:0,(anonymous_23)
FNDA:0,(anonymous_24)
DA:3,0
DA:4,0
DA:31,0
DA:49,0
DA:50,0
DA:52,0
DA:55,0
DA:56,0
DA:57,0
DA:61,0
DA:64,0
DA:66,0
DA:68,0
DA:69,0
DA:71,0
DA:72,0
DA:73,0
DA:77,0
DA:78,0
DA:81,0
DA:82,0
DA:83,0
DA:86,0
DA:87,0
DA:90,0
DA:94,0
DA:95,0
DA:96,0
DA:97,0
DA:100,0
DA:101,0
DA:105,0
DA:106,0
DA:113,0
DA:115,0
DA:116,0
DA:118,0
DA:120,0
DA:121,0
DA:122,0
DA:123,0
DA:124,0
DA:126,0
DA:127,0
DA:128,0
DA:129,0
DA:130,0
DA:132,0
DA:133,0
DA:134,0
DA:135,0
DA:136,0
DA:137,0
DA:138,0
DA:139,0
DA:140,0
DA:141,0
DA:142,0
DA:143,0
DA:144,0
DA:153,0
DA:155,0
DA:156,0
DA:157,0
DA:159,0
DA:160,0
DA:161,0
DA:163,0
DA:164,0
DA:165,0
DA:169,0
DA:170,0
DA:173,0
DA:174,0
DA:175,0
DA:178,0
DA:179,0
DA:187,0
DA:191,0
DA:206,0
DA:209,0
DA:248,0
DA:249,0
DA:250,0
DA:273,0
DA:275,0
LF:86
LH:0
BRDA:34,0,0,0
BRDA:37,1,0,0
BRDA:38,2,0,0
BRDA:39,3,0,0
BRDA:41,4,0,0
BRDA:43,5,0,0
BRDA:50,6,0,0
BRDA:50,6,1,0
BRDA:56,7,0,0
BRDA:56,7,1,0
BRDA:66,8,0,0
BRDA:72,9,0,0
BRDA:82,10,0,0
BRDA:82,10,1,0
BRDA:86,11,0,0
BRDA:100,12,0,0
BRDA:100,13,0,0
BRDA:100,13,1,0
BRDA:105,14,0,0
BRDA:115,15,0,0
BRDA:115,15,1,0
BRDA:118,16,0,0
BRDA:118,16,1,0
BRDA:124,17,0,0
BRDA:132,18,0,0
BRDA:132,18,1,0
BRDA:132,19,0,0
BRDA:132,19,1,0
BRDA:135,20,0,0
BRDA:135,20,1,0
BRDA:135,21,0,0
BRDA:135,21,1,0
BRDA:138,22,0,0
BRDA:138,22,1,0
BRDA:144,23,0,0
BRDA:159,24,0,0
BRDA:164,25,0,0
BRDA:174,26,0,0
BRDA:174,26,1,0
BRDA:178,27,0,0
BRDA:217,28,0,0
BRDA:217,28,1,0
BRDA:218,29,0,0
BRDA:218,29,1,0
BRDA:231,30,0,0
BRDA:231,30,1,0
BRDA:232,31,0,0
BRDA:232,31,1,0
BRDA:245,32,0,0
BRDA:245,32,1,0
BRDA:245,32,2,0
BRDA:259,33,0,0
BRF:52
BRH:0
end_of_record
TN:
SF:src\components\ui\popover.tsx
FNF:0
FNH:0
DA:3,0
DA:4,0
DA:6,0
DA:8,0
DA:10,0
DA:29,0
DA:31,0
LF:7
LH:0
BRDA:15,0,0,0
BRDA:15,1,0,0
BRF:2
BRH:0
end_of_record
TN:
SF:src\components\ui\progress.tsx
FNF:0
FNH:0
DA:3,0
DA:4,0
DA:6,0
DA:26,0
DA:28,0
LF:5
LH:0
BRDA:22,0,0,0
BRDA:22,0,1,0
BRF:2
BRH:0
end_of_record
TN:
SF:src\components\ui\select.tsx
FNF:0
FNH:0
DA:3,0
DA:4,0
DA:5,0
DA:7,0
DA:9,0
DA:11,0
DA:13,0
DA:33,0
DA:50,0
DA:67,0
DA:100,0
DA:112,0
DA:135,0
DA:147,0
DA:150,0
DA:151,0
DA:152,0
DA:153,0
DA:154,0
DA:155,0
DA:156,0
DA:157,0
DA:158,0
DA:159,0
LF:24
LH:0
BRDA:73,0,0,0
BRDA:79,1,0,0
BRDA:79,1,1,0
BRDA:90,2,0,0
BRDA:90,2,1,0
BRF:5
BRH:0
end_of_record
TN:
SF:src\components\ui\separator.tsx
FNF:0
FNH:0
DA:3,0
DA:4,0
DA:6,0
DA:29,0
DA:31,0
LF:5
LH:0
BRDA:13,0,0,0
BRDA:13,1,0,0
BRDA:22,2,0,0
BRDA:22,2,1,0
BRF:4
BRH:0
end_of_record
TN:
SF:src\components\ui\sheet.tsx
FNF:0
FNH:0
DA:3,0
DA:4,0
DA:5,0
DA:6,0
DA:8,0
DA:10,0
DA:12,0
DA:14,0
DA:16,0
DA:31,0
DA:33,0
DA:75,0
DA:89,0
DA:103,0
DA:115,0
DA:127,0
DA:130,0
DA:131,0
DA:132,0
DA:133,0
DA:134,0
DA:135,0
DA:136,0
DA:137,0
DA:138,0
DA:139,0
LF:26
LH:0
BRDA:59,0,0,0
BRF:1
BRH:0
end_of_record
TN:
SF:src\components\ui\skeleton.tsx
FN:3,Skeleton
FNF:1
FNH:0
FNDA:0,Skeleton
DA:1,0
DA:15,0
LF:2
LH:0
BRF:0
BRH:0
end_of_record
TN:
SF:src\components\ui\switch.tsx
FNF:0
FNH:0
DA:3,0
DA:4,0
DA:6,0
DA:27,0
DA:29,0
LF:5
LH:0
BRF:0
BRH:0
end_of_record
TN:
SF:src\components\ui\table.tsx
FNF:0
FNH:0
DA:1,0
DA:3,0
DA:17,0
DA:25,0
DA:37,0
DA:49,0
DA:64,0
DA:79,0
DA:91,0
DA:103,0
DA:106,0
DA:107,0
DA:108,0
DA:109,0
DA:110,0
DA:111,0
DA:112,0
DA:113,0
LF:18
LH:0
BRF:0
BRH:0
end_of_record
TN:
SF:src\components\ui\tabs.tsx
FNF:0
FNH:0
DA:3,0
DA:4,0
DA:6,0
DA:8,0
DA:23,0
DA:38,0
DA:53,0
DA:55,0
LF:8
LH:0
BRF:0
BRH:0
end_of_record
TN:
SF:src\components\ui\textarea.tsx
FN:8,(anonymous_4)
FNF:1
FNH:0
FNDA:0,(anonymous_4)
DA:1,0
DA:3,0
DA:5,0
DA:20,0
DA:22,0
LF:5
LH:0
BRF:0
BRH:0
end_of_record
TN:
SF:src\components\ui\toast.tsx
FN:47,(anonymous_12)
FNF:1
FNH:0
FNDA:0,(anonymous_12)
DA:3,0
DA:4,0
DA:5,0
DA:6,0
DA:8,0
DA:10,0
DA:25,0
DA:27,0
DA:43,0
DA:56,0
DA:71,0
DA:89,0
DA:101,0
DA:113,0
DA:122,0
DA:123,0
DA:124,0
DA:125,0
DA:126,0
DA:127,0
DA:128,0
LF:21
LH:0
BRF:0
BRH:0
end_of_record
TN:
SF:src\components\ui\toaster.tsx
FN:13,Toaster
FN:18,(anonymous_2)
FNF:2
FNH:0
FNDA:0,Toaster
FNDA:0,(anonymous_2)
DA:3,0
DA:11,0
DA:13,0
DA:14,0
DA:19,0
LF:5
LH:0
BRDA:22,0,0,0
BRDA:23,1,0,0
BRF:2
BRH:0
end_of_record
TN:
SF:src\contexts\AuthContext.tsx
FN:30,AuthProvider
FN:39,(anonymous_4)
FN:44,(anonymous_5)
FN:50,(anonymous_6)
FN:58,(anonymous_7)
FN:61,(anonymous_8)
FN:69,(anonymous_9)
FN:91,(anonymous_10)
FN:144,(anonymous_11)
FN:221,(anonymous_12)
FN:227,(anonymous_13)
FN:265,(anonymous_14)
FN:271,(anonymous_15)
FN:281,useAuthContext
FNF:14
FNH:0
FNDA:0,AuthProvider
FNDA:0,(anonymous_4)
FNDA:0,(anonymous_5)
FNDA:0,(anonymous_6)
FNDA:0,(anonymous_7)
FNDA:0,(anonymous_8)
FNDA:0,(anonymous_9)
FNDA:0,(anonymous_10)
FNDA:0,(anonymous_11)
FNDA:0,(anonymous_12)
FNDA:0,(anonymous_13)
FNDA:0,(anonymous_14)
FNDA:0,(anonymous_15)
FNDA:0,useAuthContext
DA:5,0
DA:8,0
DA:11,0
DA:13,0
DA:24,0
DA:28,0
DA:30,0
DA:31,0
DA:32,0
DA:33,0
DA:34,0
DA:35,0
DA:39,0
DA:41,0
DA:42,0
DA:44,0
DA:45,0
DA:47,0
DA:50,0
DA:51,0
DA:52,0
DA:53,0
DA:58,0
DA:59,0
DA:60,0
DA:61,0
DA:65,0
DA:66,0
DA:69,0
DA:70,0
DA:71,0
DA:72,0
DA:73,0
DA:76,0
DA:77,0
DA:78,0
DA:79,0
DA:84,0
DA:85,0
DA:87,0
DA:91,0
DA:92,0
DA:94,0
DA:95,0
DA:97,0
DA:98,0
DA:112,0
DA:120,0
DA:123,0
DA:124,0
DA:126,0
DA:138,0
DA:139,0
DA:144,0
DA:145,0
DA:146,0
DA:147,0
DA:150,0
DA:151,0
DA:152,0
DA:155,0
DA:156,0
DA:157,0
DA:160,0
DA:161,0
DA:162,0
DA:163,0
DA:166,0
DA:171,0
DA:172,0
DA:173,0
DA:174,0
DA:175,0
DA:178,0
DA:179,0
DA:181,0
DA:184,0
DA:185,0
DA:186,0
DA:192,0
DA:194,0
DA:195,0
DA:196,0
DA:197,0
DA:200,0
DA:201,0
DA:202,0
DA:203,0
DA:204,0
DA:205,0
DA:207,0
DA:208,0
DA:209,0
DA:210,0
DA:213,0
DA:214,0
DA:216,0
DA:221,0
DA:222,0
DA:226,0
DA:227,0
DA:229,0
DA:230,0
DA:231,0
DA:234,0
DA:235,0
DA:237,0
DA:238,0
DA:239,0
DA:240,0
DA:241,0
DA:242,0
DA:245,0
DA:246,0
DA:247,0
DA:250,0
DA:253,0
DA:254,0
DA:255,0
DA:258,0
DA:259,0
DA:260,0
DA:265,0
DA:266,0
DA:267,0
DA:271,0
DA:281,0
DA:282,0
DA:283,0
DA:284,0
DA:286,0
LF:131
LH:0
BRDA:45,0,0,0
BRDA:51,1,0,0
BRDA:51,2,0,0
BRDA:51,2,1,0
BRDA:59,3,0,0
BRDA:59,4,0,0
BRDA:59,4,1,0
BRDA:70,5,0,0
BRDA:76,6,0,0
BRDA:84,7,0,0
BRDA:84,7,1,0
BRDA:84,8,0,0
BRDA:84,8,1,0
BRDA:95,9,0,0
BRDA:95,10,0,0
BRDA:95,10,1,0
BRDA:97,11,0,0
BRDA:114,12,0,0
BRDA:114,12,1,0
BRDA:115,13,0,0
BRDA:115,13,1,0
BRDA:116,14,0,0
BRDA:116,14,1,0
BRDA:120,15,0,0
BRDA:124,16,0,0
BRDA:145,17,0,0
BRDA:156,18,0,0
BRDA:160,19,0,0
BRDA:171,20,0,0
BRDA:171,21,0,0
BRDA:171,21,1,0
BRDA:175,22,0,0
BRDA:175,22,1,0
BRDA:178,23,0,0
BRDA:185,24,0,0
BRDA:194,25,0,0
BRDA:200,26,0,0
BRDA:200,26,1,0
BRDA:205,27,0,0
BRDA:205,27,1,0
BRDA:229,28,0,0
BRDA:235,29,0,0
BRDA:235,29,1,0
BRDA:237,30,0,0
BRDA:237,30,1,0
BRDA:242,31,0,0
BRDA:242,31,1,0
BRDA:245,32,0,0
BRDA:245,33,0,0
BRDA:245,33,1,0
BRDA:245,33,2,0
BRDA:258,34,0,0
BRDA:283,35,0,0
BRF:53
BRH:0
end_of_record
TN:
SF:src\features\admin\components\AdminDashboard.tsx
FN:15,AdminDashboard
FNF:1
FNH:0
FNDA:0,AdminDashboard
DA:3,0
DA:7,0
DA:8,0
DA:9,0
DA:10,0
DA:11,0
DA:12,0
DA:13,0
DA:15,0
DA:16,0
DA:17,0
DA:18,0
LF:12
LH:0
BRF:0
BRH:0
end_of_record
TN:
SF:src\features\admin\components\ReservationList.tsx
FN:32,ReservationList
FN:50,(anonymous_2)
FN:57,(anonymous_3)
FN:65,(anonymous_4)
FN:71,(anonymous_5)
FN:115,(anonymous_6)
FN:138,(anonymous_7)
FN:139,(anonymous_8)
FN:168,(anonymous_9)
FNF:9
FNH:0
FNDA:0,ReservationList
FNDA:0,(anonymous_2)
FNDA:0,(anonymous_3)
FNDA:0,(anonymous_4)
FNDA:0,(anonymous_5)
FNDA:0,(anonymous_6)
FNDA:0,(anonymous_7)
FNDA:0,(anonymous_8)
FNDA:0,(anonymous_9)
DA:3,0
DA:4,0
DA:5,0
DA:6,0
DA:7,0
DA:8,0
DA:15,0
DA:23,0
DA:24,0
DA:25,0
DA:26,0
DA:27,0
DA:28,0
DA:29,0
DA:32,0
DA:33,0
DA:34,0
DA:35,0
DA:38,0
DA:39,0
DA:41,0
DA:45,0
DA:46,0
DA:47,0
DA:50,0
DA:51,0
DA:54,0
DA:57,0
DA:58,0
DA:59,0
DA:66,0
DA:72,0
DA:79,0
DA:81,0
DA:92,0
DA:116,0
DA:139,0
DA:140,0
DA:168,0
LF:39
LH:0
BRDA:38,0,0,0
BRDA:38,0,1,0
BRDA:51,1,0,0
BRDA:51,1,1,0
BRDA:58,2,0,0
BRDA:92,3,0,0
BRDA:144,4,0,0
BRDA:144,4,1,0
BRDA:155,5,0,0
BRDA:155,5,1,0
BRDA:160,6,0,0
BRDA:160,6,1,0
BRDA:164,7,0,0
BRF:13
BRH:0
end_of_record
TN:
SF:src\features\admin\components\RoomManagement.tsx
FN:33,RoomManagement
FN:49,(anonymous_2)
FN:51,(anonymous_3)
FN:59,(anonymous_4)
FN:76,(anonymous_5)
FN:83,(anonymous_6)
FN:91,(anonymous_7)
FN:118,(anonymous_8)
FN:150,(anonymous_11)
FN:178,(anonymous_13)
FN:194,(anonymous_14)
FNF:11
FNH:0
FNDA:0,RoomManagement
FNDA:0,(anonymous_2)
FNDA:0,(anonymous_3)
FNDA:0,(anonymous_4)
FNDA:0,(anonymous_5)
FNDA:0,(anonymous_6)
FNDA:0,(anonymous_7)
FNDA:0,(anonymous_8)
FNDA:0,(anonymous_11)
FNDA:0,(anonymous_13)
FNDA:0,(anonymous_14)
DA:3,0
DA:4,0
DA:5,0
DA:6,0
DA:7,0
DA:15,0
DA:16,0
DA:17,0
DA:18,0
DA:19,0
DA:20,0
DA:21,0
DA:22,0
DA:25,0
DA:33,0
DA:34,0
DA:35,0
DA:36,0
DA:37,0
DA:38,0
DA:40,0
DA:49,0
DA:50,0
DA:52,0
DA:56,0
DA:57,0
DA:60,0
DA:65,0
DA:67,0
DA:76,0
DA:77,0
DA:84,0
DA:92,0
DA:98,0
DA:100,0
DA:110,0
DA:118,0
DA:150,0
DA:179,0
DA:194,0
LF:40
LH:0
BRDA:87,0,0,0
BRDA:87,0,1,0
BRDA:110,1,0,0
BRDA:119,2,0,0
BRDA:119,2,1,0
BRDA:123,3,0,0
BRDA:187,4,0,0
BRDA:187,4,1,0
BRDA:197,5,0,0
BRDA:197,5,1,0
BRF:10
BRH:0
end_of_record
TN:
SF:src\features\admin\components\StatisticsDownload.tsx
FN:12,StatisticsDownload
FN:17,(anonymous_2)
FN:27,(anonymous_3)
FN:33,(anonymous_4)
FN:60,(anonymous_5)
FNF:5
FNH:0
FNDA:0,StatisticsDownload
FNDA:0,(anonymous_2)
FNDA:0,(anonymous_3)
FNDA:0,(anonymous_4)
FNDA:0,(anonymous_5)
DA:3,0
DA:4,0
DA:5,0
DA:6,0
DA:7,0
DA:8,0
DA:9,0
DA:10,0
DA:12,0
DA:13,0
DA:14,0
DA:15,0
DA:17,0
DA:18,0
DA:19,0
DA:21,0
DA:28,0
DA:34,0
DA:41,0
DA:43,0
DA:60,0
LF:21
LH:0
BRDA:60,0,0,0
BRDA:60,0,1,0
BRDA:91,1,0,0
BRDA:91,1,1,0
BRF:4
BRH:0
end_of_record
TN:
SF:src\features\auth\components\LoginForm.tsx
FN:38,LoginForm
FN:65,(anonymous_3)
FN:75,(anonymous_4)
FN:79,(anonymous_5)
FN:80,(anonymous_6)
FN:90,(anonymous_7)
FN:96,(anonymous_8)
FN:101,(anonymous_9)
FN:110,(anonymous_10)
FN:136,(anonymous_11)
FN:144,(anonymous_12)
FN:177,(anonymous_13)
FN:182,(anonymous_14)
FN:193,(anonymous_15)
FN:208,(anonymous_16)
FN:217,(anonymous_17)
FN:260,(anonymous_20)
FN:270,(anonymous_21)
FN:375,(anonymous_24)
FN:406,(anonymous_25)
FNF:20
FNH:0
FNDA:0,LoginForm
FNDA:0,(anonymous_3)
FNDA:0,(anonymous_4)
FNDA:0,(anonymous_5)
FNDA:0,(anonymous_6)
FNDA:0,(anonymous_7)
FNDA:0,(anonymous_8)
FNDA:0,(anonymous_9)
FNDA:0,(anonymous_10)
FNDA:0,(anonymous_11)
FNDA:0,(anonymous_12)
FNDA:0,(anonymous_13)
FNDA:0,(anonymous_14)
FNDA:0,(anonymous_15)
FNDA:0,(anonymous_16)
FNDA:0,(anonymous_17)
FNDA:0,(anonymous_20)
FNDA:0,(anonymous_21)
FNDA:0,(anonymous_24)
FNDA:0,(anonymous_25)
DA:4,0
DA:5,0
DA:6,0
DA:7,0
DA:8,0
DA:9,0
DA:12,0
DA:13,0
DA:14,0
DA:15,0
DA:16,0
DA:17,0
DA:23,0
DA:24,0
DA:25,0
DA:26,0
DA:28,0
DA:29,0
DA:38,0
DA:39,0
DA:40,0
DA:41,0
DA:42,0
DA:43,0
DA:44,0
DA:45,0
DA:46,0
DA:48,0
DA:49,0
DA:50,0
DA:51,0
DA:52,0
DA:54,0
DA:59,0
DA:65,0
DA:66,0
DA:67,0
DA:69,0
DA:70,0
DA:75,0
DA:78,0
DA:79,0
DA:80,0
DA:81,0
DA:82,0
DA:83,0
DA:85,0
DA:90,0
DA:91,0
DA:96,0
DA:97,0
DA:98,0
DA:101,0
DA:102,0
DA:103,0
DA:104,0
DA:107,0
DA:108,0
DA:110,0
DA:111,0
DA:112,0
DA:113,0
DA:114,0
DA:115,0
DA:116,0
DA:121,0
DA:123,0
DA:124,0
DA:125,0
DA:126,0
DA:127,0
DA:128,0
DA:130,0
DA:136,0
DA:137,0
DA:138,0
DA:139,0
DA:142,0
DA:144,0
DA:145,0
DA:146,0
DA:147,0
DA:148,0
DA:153,0
DA:155,0
DA:156,0
DA:158,0
DA:159,0
DA:160,0
DA:161,0
DA:163,0
DA:165,0
DA:166,0
DA:168,0
DA:172,0
DA:177,0
DA:178,0
DA:179,0
DA:182,0
DA:183,0
DA:184,0
DA:185,0
DA:187,0
DA:190,0
DA:191,0
DA:193,0
DA:194,0
DA:195,0
DA:196,0
DA:197,0
DA:202,0
DA:203,0
DA:208,0
DA:209,0
DA:210,0
DA:211,0
DA:212,0
DA:213,0
DA:214,0
DA:217,0
DA:218,0
DA:219,0
DA:220,0
DA:261,0
DA:262,0
DA:263,0
DA:264,0
DA:271,0
DA:272,0
DA:273,0
DA:274,0
DA:375,0
DA:376,0
DA:378,0
DA:380,0
DA:382,0
DA:384,0
DA:407,0
DA:408,0
LF:139
LH:0
BRDA:38,0,0,0
BRDA:56,1,0,0
BRDA:56,1,1,0
BRDA:69,2,0,0
BRDA:69,3,0,0
BRDA:69,3,1,0
BRDA:69,3,2,0
BRDA:78,4,0,0
BRDA:78,5,0,0
BRDA:78,5,1,0
BRDA:81,6,0,0
BRDA:91,7,0,0
BRDA:102,8,0,0
BRDA:123,9,0,0
BRDA:123,9,1,0
BRDA:123,10,0,0
BRDA:123,10,1,0
BRDA:125,11,0,0
BRDA:125,11,1,0
BRDA:127,12,0,0
BRDA:127,12,1,0
BRDA:130,13,0,0
BRDA:130,13,1,0
BRDA:137,14,0,0
BRDA:158,15,0,0
BRDA:158,15,1,0
BRDA:158,16,0,0
BRDA:158,16,1,0
BRDA:159,17,0,0
BRDA:159,17,1,0
BRDA:165,18,0,0
BRDA:165,18,1,0
BRDA:168,19,0,0
BRDA:168,19,1,0
BRDA:183,20,0,0
BRDA:183,21,0,0
BRDA:183,21,1,0
BRDA:184,22,0,0
BRDA:203,23,0,0
BRDA:203,23,1,0
BRDA:226,24,0,0
BRDA:234,25,0,0
BRDA:258,26,0,0
BRDA:258,26,1,0
BRDA:263,27,0,0
BRDA:263,28,0,0
BRDA:263,28,1,0
BRDA:273,29,0,0
BRDA:273,30,0,0
BRDA:273,30,1,0
BRDA:284,31,0,0
BRDA:284,31,1,0
BRDA:285,32,0,0
BRDA:286,33,0,0
BRDA:286,33,1,0
BRDA:294,34,0,0
BRDA:302,35,0,0
BRDA:320,36,0,0
BRDA:320,36,1,0
BRDA:330,37,0,0
BRDA:330,37,1,0
BRDA:340,38,0,0
BRDA:340,38,1,0
BRDA:340,38,2,0
BRDA:343,39,0,0
BRDA:344,40,0,0
BRDA:344,40,1,0
BRDA:376,41,0,0
BRDA:376,41,1,0
BRDA:376,41,2,0
BRDA:376,41,3,0
BRDA:402,42,0,0
BRDA:414,43,0,0
BRDA:414,43,1,0
BRDA:415,44,0,0
BRDA:415,44,1,0
BRDA:416,45,0,0
BRDA:416,45,1,0
BRDA:419,46,0,0
BRF:79
BRH:0
end_of_record
TN:
SF:src\features\auth\components\SignupDialog.tsx
FN:18,SignupDialog
FN:33,(anonymous_2)
FNF:2
FNH:0
FNDA:0,SignupDialog
FNDA:0,(anonymous_2)
DA:3,0
DA:4,0
DA:5,0
DA:6,0
DA:7,0
DA:8,0
DA:9,0
DA:10,0
DA:11,0
DA:12,0
DA:18,0
DA:19,0
DA:20,0
DA:21,0
DA:22,0
DA:24,0
DA:33,0
DA:34,0
DA:35,0
DA:37,0
DA:43,0
DA:48,0
DA:49,0
DA:51,0
DA:57,0
LF:25
LH:0
BRDA:53,0,0,0
BRDA:53,0,1,0
BRDA:121,1,0,0
BRDA:121,1,1,0
BRF:4
BRH:0
end_of_record
TN:
SF:src\features\auth\components\SignupForm.tsx
FN:28,SignupForm
FN:44,(anonymous_3)
FN:46,(anonymous_4)
FN:47,(anonymous_5)
FN:52,(anonymous_6)
FN:62,(anonymous_7)
FN:159,(anonymous_9)
FN:170,(anonymous_10)
FNF:8
FNH:0
FNDA:0,SignupForm
FNDA:0,(anonymous_3)
FNDA:0,(anonymous_4)
FNDA:0,(anonymous_5)
FNDA:0,(anonymous_6)
FNDA:0,(anonymous_7)
FNDA:0,(anonymous_9)
FNDA:0,(anonymous_10)
DA:3,0
DA:4,0
DA:5,0
DA:6,0
DA:7,0
DA:8,0
DA:9,0
DA:10,0
DA:11,0
DA:12,0
DA:13,0
DA:14,0
DA:15,0
DA:16,0
DA:17,0
DA:26,0
DA:28,0
DA:29,0
DA:30,0
DA:31,0
DA:32,0
DA:34,0
DA:36,0
DA:38,0
DA:44,0
DA:45,0
DA:46,0
DA:47,0
DA:49,0
DA:52,0
DA:53,0
DA:56,0
DA:57,0
DA:58,0
DA:59,0
DA:62,0
DA:63,0
DA:65,0
DA:72,0
DA:75,0
DA:82,0
DA:86,0
DA:87,0
DA:90,0
DA:91,0
DA:96,0
DA:160,0
DA:162,0
DA:163,0
DA:164,0
DA:172,0
DA:173,0
DA:175,0
DA:176,0
LF:54
LH:0
BRDA:57,0,0,0
BRDA:58,1,0,0
BRDA:58,1,1,0
BRDA:90,2,0,0
BRDA:90,3,0,0
BRDA:90,3,1,0
BRDA:116,4,0,0
BRDA:116,4,1,0
BRDA:125,5,0,0
BRDA:125,5,1,0
BRDA:135,6,0,0
BRDA:163,7,0,0
BRDA:163,8,0,0
BRDA:163,8,1,0
BRDA:175,9,0,0
BRDA:175,10,0,0
BRDA:175,10,1,0
BRDA:221,11,0,0
BRDA:221,11,1,0
BRDA:222,12,0,0
BRDA:223,13,0,0
BRDA:223,13,1,0
BRDA:224,14,0,0
BRDA:224,14,1,0
BRF:24
BRH:0
end_of_record
TN:
SF:src\features\auth\hooks\useAuthGuard.ts
FN:5,useAuthGuard
FN:15,useRequireAuth
FNF:2
FNH:0
FNDA:0,useAuthGuard
FNDA:0,useRequireAuth
DA:3,0
DA:5,0
DA:6,0
DA:8,0
DA:15,0
DA:16,0
LF:6
LH:0
BRF:0
BRH:0
end_of_record
TN:
SF:src\features\auth\hooks\useLogin.ts
FN:9,useLogin
FN:16,(anonymous_2)
FN:43,(anonymous_3)
FNF:3
FNH:0
FNDA:0,useLogin
FNDA:0,(anonymous_2)
FNDA:0,(anonymous_3)
DA:3,0
DA:4,0
DA:5,0
DA:6,0
DA:9,0
DA:10,0
DA:11,0
DA:12,0
DA:14,0
DA:16,0
DA:17,0
DA:19,0
DA:20,0
DA:22,0
DA:27,0
DA:29,0
DA:31,0
DA:37,0
DA:39,0
DA:43,0
DA:44,0
DA:45,0
DA:47,0
DA:51,0
DA:53,0
DA:55,0
DA:61,0
DA:65,0
LF:28
LH:0
BRDA:29,0,0,0
BRDA:29,0,1,0
BRF:2
BRH:0
end_of_record
TN:
SF:src\features\reservation\components\ReservationCalendarView.tsx
FN:23,groupReservationsByDay
FN:30,(anonymous_2)
FN:37,(anonymous_3)
FN:38,(anonymous_4)
FN:45,DayTimeline
FN:54,(anonymous_6)
FN:64,(anonymous_7)
FN:72,(anonymous_8)
FN:84,(anonymous_9)
FN:100,(anonymous_10)
FN:113,ReservationCalendarView
FN:123,(anonymous_12)
FN:137,(anonymous_13)
FN:148,(anonymous_14)
FN:173,(anonymous_15)
FNF:15
FNH:0
FNDA:0,groupReservationsByDay
FNDA:0,(anonymous_2)
FNDA:0,(anonymous_3)
FNDA:0,(anonymous_4)
FNDA:0,DayTimeline
FNDA:0,(anonymous_6)
FNDA:0,(anonymous_7)
FNDA:0,(anonymous_8)
FNDA:0,(anonymous_9)
FNDA:0,(anonymous_10)
FNDA:0,ReservationCalendarView
FNDA:0,(anonymous_12)
FNDA:0,(anonymous_13)
FNDA:0,(anonymous_14)
FNDA:0,(anonymous_15)
DA:3,0
DA:4,0
DA:5,0
DA:6,0
DA:7,0
DA:9,0
DA:11,0
DA:12,0
DA:13,0
DA:17,0
DA:18,0
DA:19,0
DA:20,0
DA:24,0
DA:25,0
DA:26,0
DA:27,0
DA:30,0
DA:31,0
DA:32,0
DA:33,0
DA:37,0
DA:38,0
DA:41,0
DA:52,0
DA:54,0
DA:55,0
DA:56,0
DA:57,0
DA:58,0
DA:65,0
DA:66,0
DA:67,0
DA:72,0
DA:85,0
DA:86,0
DA:87,0
DA:88,0
DA:90,0
DA:91,0
DA:93,0
DA:95,0
DA:100,0
DA:113,0
DA:120,0
DA:121,0
DA:123,0
DA:124,0
DA:128,0
DA:130,0
DA:131,0
DA:138,0
DA:139,0
DA:149,0
DA:150,0
DA:151,0
DA:173,0
LF:57
LH:0
BRDA:32,0,0,0
BRDA:55,1,0,0
BRDA:70,2,0,0
BRDA:70,2,1,0
BRDA:74,3,0,0
BRDA:98,4,0,0
BRDA:98,4,1,0
BRDA:104,5,0,0
BRDA:104,6,0,0
BRDA:104,6,1,0
BRDA:131,7,0,0
BRDA:131,7,1,0
BRDA:131,8,0,0
BRDA:131,8,1,0
BRDA:140,9,0,0
BRDA:140,9,1,0
BRDA:156,10,0,0
BRDA:156,10,1,0
BRF:18
BRH:0
end_of_record
TN:
SF:src\features\reservation\components\ReservationCancelDialog.tsx
FN:30,ReservationCancelDialog
FN:38,(anonymous_5)
FN:65,(anonymous_6)
FN:65,(anonymous_7)
FN:66,(anonymous_8)
FN:113,(anonymous_9)
FN:127,(anonymous_10)
FN:150,(anonymous_11)
FN:151,(anonymous_12)
FN:172,(anonymous_13)
FN:180,(anonymous_14)
FN:199,(anonymous_15)
FNF:12
FNH:0
FNDA:0,ReservationCancelDialog
FNDA:0,(anonymous_5)
FNDA:0,(anonymous_6)
FNDA:0,(anonymous_7)
FNDA:0,(anonymous_8)
FNDA:0,(anonymous_9)
FNDA:0,(anonymous_10)
FNDA:0,(anonymous_11)
FNDA:0,(anonymous_12)
FNDA:0,(anonymous_13)
FNDA:0,(anonymous_14)
FNDA:0,(anonymous_15)
DA:3,0
DA:4,0
DA:12,0
DA:13,0
DA:14,0
DA:16,0
DA:17,0
DA:18,0
DA:19,0
DA:20,0
DA:21,0
DA:22,0
DA:30,0
DA:31,0
DA:32,0
DA:33,0
DA:34,0
DA:35,0
DA:36,0
DA:38,0
DA:39,0
DA:40,0
DA:41,0
DA:45,0
DA:46,0
DA:51,0
DA:54,0
DA:57,0
DA:58,0
DA:65,0
DA:66,0
DA:67,0
DA:68,0
DA:77,0
DA:78,0
DA:79,0
DA:84,0
DA:85,0
DA:88,0
DA:91,0
DA:94,0
DA:95,0
DA:96,0
DA:97,0
DA:99,0
DA:107,0
DA:114,0
DA:119,0
DA:123,0
DA:124,0
DA:125,0
DA:129,0
DA:138,0
DA:141,0
DA:142,0
DA:151,0
DA:152,0
DA:160,0
DA:166,0
DA:172,0
DA:173,0
DA:174,0
DA:175,0
DA:176,0
DA:180,0
DA:199,0
LF:66
LH:0
BRDA:39,0,0,0
BRDA:45,1,0,0
BRDA:57,2,0,0
BRDA:57,3,0,0
BRDA:57,3,1,0
BRDA:57,3,2,0
BRDA:57,3,3,0
BRDA:67,4,0,0
BRDA:77,5,0,0
BRDA:78,6,0,0
BRDA:78,6,1,0
BRDA:91,7,0,0
BRDA:91,7,1,0
BRDA:110,8,0,0
BRDA:110,8,1,0
BRDA:141,9,0,0
BRDA:141,9,1,0
BRDA:141,10,0,0
BRDA:141,10,1,0
BRDA:180,11,0,0
BRDA:180,11,1,0
BRDA:186,12,0,0
BRDA:215,13,0,0
BRDA:215,13,1,0
BRDA:223,14,0,0
BRDA:223,14,1,0
BRDA:228,15,0,0
BRDA:228,15,1,0
BRF:28
BRH:0
end_of_record
TN:
SF:src\features\reservation\components\ReservationDashboard.tsx
FN:29,ReservationDashboard
FN:56,(anonymous_2)
FN:57,(anonymous_3)
FN:62,(anonymous_4)
FN:63,(anonymous_5)
FN:67,(anonymous_6)
FN:71,(anonymous_7)
FN:75,(anonymous_8)
FN:91,(anonymous_9)
FN:95,(anonymous_10)
FN:120,(anonymous_11)
FN:124,(anonymous_12)
FN:137,(anonymous_13)
FN:142,(anonymous_14)
FN:147,(anonymous_15)
FN:222,(anonymous_16)
FN:279,CurrentReservationCard
FN:296,(anonymous_18)
FN:306,(anonymous_19)
FN:310,(anonymous_20)
FN:319,(anonymous_21)
FN:329,(anonymous_22)
FN:332,(anonymous_23)
FN:341,(anonymous_24)
FN:434,TodayScheduleCard
FN:454,(anonymous_26)
FN:464,(anonymous_27)
FN:466,(anonymous_28)
FN:468,(anonymous_29)
FN:472,(anonymous_30)
FN:474,(anonymous_31)
FN:512,(anonymous_32)
FN:528,(anonymous_33)
FN:545,(anonymous_34)
FN:547,(anonymous_35)
FNF:35
FNH:0
FNDA:0,ReservationDashboard
FNDA:0,(anonymous_2)
FNDA:0,(anonymous_3)
FNDA:0,(anonymous_4)
FNDA:0,(anonymous_5)
FNDA:0,(anonymous_6)
FNDA:0,(anonymous_7)
FNDA:0,(anonymous_8)
FNDA:0,(anonymous_9)
FNDA:0,(anonymous_10)
FNDA:0,(anonymous_11)
FNDA:0,(anonymous_12)
FNDA:0,(anonymous_13)
FNDA:0,(anonymous_14)
FNDA:0,(anonymous_15)
FNDA:0,(anonymous_16)
FNDA:0,CurrentReservationCard
FNDA:0,(anonymous_18)
FNDA:0,(anonymous_19)
FNDA:0,(anonymous_20)
FNDA:0,(anonymous_21)
FNDA:0,(anonymous_22)
FNDA:0,(anonymous_23)
FNDA:0,(anonymous_24)
FNDA:0,TodayScheduleCard
FNDA:0,(anonymous_26)
FNDA:0,(anonymous_27)
FNDA:0,(anonymous_28)
FNDA:0,(anonymous_29)
FNDA:0,(anonymous_30)
FNDA:0,(anonymous_31)
FNDA:0,(anonymous_32)
FNDA:0,(anonymous_33)
FNDA:0,(anonymous_34)
FNDA:0,(anonymous_35)
DA:3,0
DA:4,0
DA:5,0
DA:6,0
DA:7,0
DA:8,0
DA:9,0
DA:10,0
DA:12,0
DA:29,0
DA:30,0
DA:31,0
DA:34,0
DA:35,0
DA:36,0
DA:39,0
DA:40,0
DA:43,0
DA:46,0
DA:56,0
DA:57,0
DA:58,0
DA:62,0
DA:63,0
DA:64,0
DA:67,0
DA:71,0
DA:72,0
DA:74,0
DA:77,0
DA:78,0
DA:79,0
DA:82,0
DA:83,0
DA:84,0
DA:85,0
DA:87,0
DA:88,0
DA:91,0
DA:97,0
DA:98,0
DA:99,0
DA:100,0
DA:102,0
DA:103,0
DA:108,0
DA:109,0
DA:116,0
DA:120,0
DA:121,0
DA:123,0
DA:124,0
DA:125,0
DA:126,0
DA:127,0
DA:128,0
DA:130,0
DA:131,0
DA:135,0
DA:137,0
DA:138,0
DA:142,0
DA:143,0
DA:145,0
DA:146,0
DA:147,0
DA:148,0
DA:149,0
DA:150,0
DA:153,0
DA:154,0
DA:155,0
DA:156,0
DA:159,0
DA:161,0
DA:162,0
DA:166,0
DA:173,0
DA:176,0
DA:177,0
DA:180,0
DA:200,0
DA:222,0
DA:292,0
DA:293,0
DA:296,0
DA:297,0
DA:298,0
DA:299,0
DA:301,0
DA:303,0
DA:306,0
DA:307,0
DA:309,0
DA:311,0
DA:312,0
DA:313,0
DA:315,0
DA:316,0
DA:320,0
DA:321,0
DA:322,0
DA:325,0
DA:329,0
DA:330,0
DA:331,0
DA:333,0
DA:334,0
DA:335,0
DA:337,0
DA:338,0
DA:342,0
DA:343,0
DA:344,0
DA:345,0
DA:347,0
DA:348,0
[...]
FNDA:0,(anonymous_18)
DA:6,0
DA:24,0
DA:25,0
DA:28,0
DA:33,0
DA:36,0
DA:38,0
DA:44,0
DA:45,0
DA:46,0
DA:48,0
DA:54,0
DA:55,0
DA:60,0
DA:66,0
DA:67,0
DA:69,0
DA:70,0
DA:77,0
DA:85,0
DA:87,0
DA:88,0
DA:89,0
DA:97,0
DA:98,0
DA:99,0
DA:106,0
DA:114,0
DA:119,0
DA:120,0
DA:122,0
DA:123,0
DA:133,0
DA:135,0
DA:136,0
DA:143,0
DA:144,0
DA:152,0
DA:164,0
DA:169,0
DA:171,0
DA:186,0
DA:190,0
DA:191,0
DA:194,0
DA:195,0
DA:196,0
DA:197,0
DA:201,0
DA:202,0
DA:205,0
DA:206,0
DA:209,0
DA:210,0
DA:211,0
LF:55
LH:0
BRDA:25,0,0,0
BRDA:28,1,0,0
BRDA:28,1,1,0
BRDA:28,1,2,0
BRDA:38,2,0,0
BRDA:38,2,1,0
BRDA:38,2,2,0
BRDA:54,3,0,0
BRDA:55,4,0,0
BRDA:55,4,1,0
BRDA:69,5,0,0
BRDA:88,6,0,0
BRDA:98,7,0,0
BRDA:122,8,0,0
BRDA:124,9,0,0
BRDA:124,9,1,0
BRDA:133,10,0,0
BRDA:133,10,1,0
BRDA:135,11,0,0
BRDA:135,12,0,0
BRDA:135,12,1,0
BRDA:143,13,0,0
BRDA:153,14,0,0
BRDA:153,14,1,0
BRDA:177,15,0,0
BRDA:177,15,1,0
BRDA:190,16,0,0
BRDA:196,17,0,0
BRF:28
BRH:0
end_of_record
TN:
SF:src\lib\utils\pwa-utils.ts
FN:24,isPWAEnvironment
FN:45,getPWAEnvironmentInfo
FN:83,getPWACapabilities
FN:106,isOnline
FN:117,handlePWAOffline
FN:142,optimizePWAPerformance
FN:149,(anonymous_18)
FN:158,(anonymous_19)
FN:168,handlePWAInstallPrompt
FN:175,(anonymous_21)
FN:183,(anonymous_22)
FN:200,providePWAHapticFeedback
FN:217,showPWANotification
FN:242,handlePWABackgrounding
FN:247,(anonymous_26)
FN:250,(anonymous_27)
FN:260,(anonymous_28)
FN:268,getPWAStorageInfo
FNF:18
FNH:0
FNDA:0,isPWAEnvironment
FNDA:0,getPWAEnvironmentInfo
FNDA:0,getPWACapabilities
FNDA:0,isOnline
FNDA:0,handlePWAOffline
FNDA:0,optimizePWAPerformance
FNDA:0,(anonymous_18)
FNDA:0,(anonymous_19)
FNDA:0,handlePWAInstallPrompt
FNDA:0,(anonymous_21)
FNDA:0,(anonymous_22)
FNDA:0,providePWAHapticFeedback
FNDA:0,showPWANotification
FNDA:0,handlePWABackgrounding
FNDA:0,(anonymous_26)
FNDA:0,(anonymous_27)
FNDA:0,(anonymous_28)
FNDA:0,getPWAStorageInfo
DA:24,0
DA:25,0
DA:26,0
DA:30,0
DA:33,0
DA:36,0
DA:37,0
DA:39,0
DA:45,0
DA:46,0
DA:47,0
DA:56,0
DA:57,0
DA:58,0
DA:60,0
DA:61,0
DA:62,0
DA:63,0
DA:64,0
DA:65,0
DA:66,0
DA:69,0
DA:71,0
DA:83,0
DA:84,0
DA:85,0
DA:92,0
DA:93,0
DA:94,0
DA:96,0
DA:106,0
DA:107,0
DA:108,0
DA:111,0
DA:117,0
DA:122,0
DA:124,0
DA:125,0
DA:132,0
DA:142,0
DA:143,0
DA:144,0
DA:148,0
DA:149,0
DA:150,0
DA:151,0
DA:152,0
DA:157,0
DA:158,0
DA:159,0
DA:160,0
DA:161,0
DA:168,0
DA:172,0
DA:174,0
DA:175,0
DA:176,0
DA:177,0
DA:181,0
DA:184,0
DA:185,0
DA:188,0
DA:189,0
DA:190,0
DA:192,0
DA:200,0
DA:201,0
DA:202,0
DA:205,0
DA:211,0
DA:217,0
DA:221,0
DA:222,0
DA:225,0
DA:226,0
DA:227,0
DA:228,0
DA:229,0
DA:230,0
DA:231,0
DA:232,0
DA:236,0
DA:242,0
DA:246,0
DA:247,0
DA:250,0
DA:251,0
DA:252,0
DA:254,0
DA:258,0
DA:260,0
DA:261,0
DA:268,0
DA:274,0
DA:275,0
DA:283,0
DA:284,0
DA:285,0
DA:286,0
DA:287,0
DA:288,0
DA:290,0
DA:297,0
LF:103
LH:0
BRDA:25,0,0,0
BRDA:39,1,0,0
BRDA:39,1,1,0
BRDA:39,1,2,0
BRDA:39,1,3,0
BRDA:46,2,0,0
BRDA:61,3,0,0
BRDA:61,3,1,0
BRDA:63,4,0,0
BRDA:63,4,1,0
BRDA:65,5,0,0
BRDA:69,6,0,0
BRDA:69,6,1,0
BRDA:84,7,0,0
BRDA:92,8,0,0
BRDA:92,8,1,0
BRDA:94,9,0,0
BRDA:94,9,1,0
BRDA:107,10,0,0
BRDA:124,11,0,0
BRDA:143,12,0,0
BRDA:151,13,0,0
BRDA:151,14,0,0
BRDA:151,14,1,0
BRDA:174,15,0,0
BRDA:184,16,0,0
BRDA:201,17,0,0
BRDA:201,18,0,0
BRDA:201,18,1,0
BRDA:219,19,0,0
BRDA:221,20,0,0
BRDA:221,21,0,0
BRDA:221,21,1,0
BRDA:225,22,0,0
BRDA:225,22,1,0
BRDA:228,23,0,0
BRDA:230,24,0,0
BRDA:246,25,0,0
BRDA:251,26,0,0
BRDA:251,26,1,0
BRDA:274,27,0,0
BRDA:274,28,0,0
BRDA:274,28,1,0
BRDA:274,28,2,0
BRDA:285,29,0,0
BRDA:285,29,1,0
BRDA:286,30,0,0
BRDA:286,30,1,0
BRDA:288,31,0,0
BRDA:288,31,1,0
BRF:50
BRH:0
end_of_record
TN:
SF:src\lib\utils\query-optimization.ts
FN:9,(anonymous_7)
FN:19,(anonymous_8)
FN:29,(anonymous_9)
FN:35,(anonymous_10)
FN:44,(anonymous_11)
FN:87,(anonymous_12)
FN:94,(anonymous_13)
FN:125,(anonymous_14)
FN:130,(anonymous_15)
FN:131,(anonymous_16)
FN:132,(anonymous_17)
FN:133,(anonymous_18)
FN:134,(anonymous_19)
FN:139,(anonymous_20)
FN:152,(anonymous_21)
FN:161,(anonymous_22)
FNF:16
FNH:0
FNDA:0,(anonymous_7)
FNDA:0,(anonymous_8)
FNDA:0,(anonymous_9)
FNDA:0,(anonymous_10)
FNDA:0,(anonymous_11)
FNDA:0,(anonymous_12)
FNDA:0,(anonymous_13)
FNDA:0,(anonymous_14)
FNDA:0,(anonymous_15)
FNDA:0,(anonymous_16)
FNDA:0,(anonymous_17)
FNDA:0,(anonymous_18)
FNDA:0,(anonymous_19)
FNDA:0,(anonymous_20)
FNDA:0,(anonymous_21)
FNDA:0,(anonymous_22)
DA:6,0
DA:9,0
DA:21,0
DA:22,0
DA:24,0
DA:26,0
DA:28,0
DA:30,0
DA:31,0
DA:33,0
DA:37,0
DA:38,0
DA:44,0
DA:49,0
DA:54,0
DA:56,0
DA:57,0
DA:58,0
DA:60,0
DA:61,0
DA:62,0
DA:64,0
DA:65,0
DA:66,0
DA:68,0
DA:69,0
DA:70,0
DA:72,0
DA:73,0
DA:76,0
DA:87,0
DA:94,0
DA:95,0
DA:97,0
DA:99,0
DA:100,0
DA:102,0
DA:108,0
DA:110,0
DA:116,0
DA:117,0
DA:119,0
DA:125,0
DA:128,0
DA:130,0
DA:131,0
DA:132,0
DA:133,0
DA:134,0
DA:139,0
DA:140,0
DA:144,0
DA:146,0
DA:153,0
DA:154,0
DA:155,0
DA:161,0
DA:176,0
DA:178,0
DA:179,0
DA:181,0
LF:61
LH:0
BRDA:9,0,0,0
BRDA:16,1,0,0
BRDA:17,2,0,0
BRDA:18,3,0,0
BRDA:19,4,0,0
BRDA:21,5,0,0
BRDA:30,6,0,0
BRDA:44,7,0,0
BRDA:49,8,0,0
BRDA:54,9,0,0
BRDA:54,9,1,0
BRDA:54,9,2,0
BRDA:54,9,3,0
BRDA:54,9,4,0
BRDA:56,10,0,0
BRDA:56,10,1,0
BRDA:57,11,0,0
BRDA:57,11,1,0
BRDA:60,12,0,0
BRDA:60,12,1,0
BRDA:61,13,0,0
BRDA:61,13,1,0
BRDA:64,14,0,0
BRDA:64,14,1,0
BRDA:65,15,0,0
BRDA:65,15,1,0
BRDA:68,16,0,0
BRDA:68,16,1,0
BRDA:69,17,0,0
BRDA:69,17,1,0
BRDA:72,18,0,0
BRDA:72,18,1,0
BRDA:73,19,0,0
BRDA:73,19,1,0
BRDA:105,20,0,0
BRDA:105,20,1,0
BRDA:111,21,0,0
BRDA:111,21,1,0
BRDA:116,22,0,0
BRDA:140,23,0,0
BRDA:140,23,1,0
BRDA:140,24,0,0
BRDA:140,24,1,0
BRDA:149,25,0,0
BRDA:149,25,1,0
BRDA:150,26,0,0
BRDA:150,26,1,0
BRDA:151,27,0,0
BRDA:151,27,1,0
BRDA:153,28,0,0
BRDA:153,28,1,0
BRDA:172,29,0,0
BRDA:173,30,0,0
BRDA:174,31,0,0
BRDA:175,32,0,0
BRF:55
BRH:0
end_of_record
TN:
SF:src\lib\utils\reservation-permissions.ts
FN:26,canEditReservation
FN:70,canCancelReservation
FN:128,getPermissionErrorMessage
FN:171,isAdmin
FN:178,isReservationOwner
FN:191,fixReservationUserId
FN:196,(anonymous_16)
FNF:7
FNH:0
FNDA:0,canEditReservation
FNDA:0,canCancelReservation
FNDA:0,getPermissionErrorMessage
FNDA:0,isAdmin
FNDA:0,isReservationOwner
FNDA:0,fixReservationUserId
FNDA:0,(anonymous_16)
DA:7,0
DA:26,0
DA:30,0
DA:40,0
DA:41,0
DA:44,0
DA:45,0
DA:46,0
DA:47,0
DA:48,0
DA:52,0
DA:58,0
DA:64,0
DA:70,0
DA:74,0
DA:84,0
DA:85,0
DA:88,0
DA:89,0
DA:90,0
DA:91,0
DA:92,0
DA:95,0
DA:96,0
DA:97,0
DA:98,0
DA:99,0
DA:101,0
DA:102,0
DA:105,0
DA:115,0
DA:122,0
DA:128,0
DA:132,0
DA:159,0
DA:160,0
DA:162,0
DA:171,0
DA:172,0
DA:178,0
DA:182,0
DA:183,0
DA:184,0
DA:191,0
DA:195,0
DA:196,0
DA:197,0
DA:199,0
DA:204,0
DA:205,0
DA:210,0
DA:213,0
DA:217,0
DA:219,0
DA:224,0
LF:55
LH:0
BRDA:31,0,0,0
BRDA:31,0,1,0
BRDA:40,1,0,0
BRDA:40,1,1,0
BRDA:41,2,0,0
BRDA:41,2,1,0
BRDA:41,2,2,0
BRDA:44,3,0,0
BRDA:45,4,0,0
BRDA:45,4,1,0
BRDA:47,5,0,0
BRDA:47,6,0,0
BRDA:47,6,1,0
BRDA:75,7,0,0
BRDA:75,7,1,0
BRDA:84,8,0,0
BRDA:84,8,1,0
BRDA:85,9,0,0
BRDA:85,9,1,0
BRDA:85,9,2,0
BRDA:95,10,0,0
BRDA:95,10,1,0
BRDA:96,11,0,0
BRDA:96,11,1,0
BRDA:98,12,0,0
BRDA:98,13,0,0
BRDA:98,13,1,0
BRDA:101,14,0,0
BRDA:106,15,0,0
BRDA:106,15,1,0
BRDA:162,16,0,0
BRDA:162,16,1,0
BRDA:163,17,0,0
BRDA:163,17,1,0
BRDA:182,18,0,0
BRDA:182,18,1,0
BRDA:184,19,0,0
BRDA:184,19,1,0
BRDA:204,20,0,0
BRDA:222,21,0,0
BRDA:222,21,1,0
BRF:41
BRH:0
end_of_record
TN:
SF:src\lib\utils\third-party-wrapper.ts
FN:12,safeUseLocalStorage
FN:17,(anonymous_10)
FN:22,(anonymous_11)
FN:29,(anonymous_12)
FN:40,(anonymous_13)
FN:47,safeFramerMotion
FN:50,(anonymous_15)
FN:58,(anonymous_16)
FN:66,safeDateFnsTz
FN:69,(anonymous_18)
FN:71,(anonymous_19)
FN:72,(anonymous_20)
FN:73,(anonymous_21)
FN:81,safeAxios
FN:84,(anonymous_23)
FN:89,(anonymous_24)
FN:97,(anonymous_25)
FN:102,(anonymous_26)
FN:103,(anonymous_27)
FN:119,createSafeZustandStore
FN:137,safeReactQuery
FN:140,(anonymous_30)
FN:143,(anonymous_31)
FN:144,(anonymous_32)
FN:145,(anonymous_33)
FN:147,(anonymous_34)
FN:148,(anonymous_35)
FN:148,(anonymous_36)
FN:160,(anonymous_37)
FN:192,(anonymous_38)
FN:215,(anonymous_39)
FN:242,safeDynamicImport
FNF:32
FNH:0
FNDA:0,safeUseLocalStorage
FNDA:0,(anonymous_10)
FNDA:0,(anonymous_11)
FNDA:0,(anonymous_12)
FNDA:0,(anonymous_13)
FNDA:0,safeFramerMotion
FNDA:0,(anonymous_15)
FNDA:0,(anonymous_16)
FNDA:0,safeDateFnsTz
FNDA:0,(anonymous_18)
FNDA:0,(anonymous_19)
FNDA:0,(anonymous_20)
FNDA:0,(anonymous_21)
FNDA:0,safeAxios
FNDA:0,(anonymous_23)
FNDA:0,(anonymous_24)
FNDA:0,(anonymous_25)
FNDA:0,(anonymous_26)
FNDA:0,(anonymous_27)
FNDA:0,createSafeZustandStore
FNDA:0,safeReactQuery
FNDA:0,(anonymous_30)
FNDA:0,(anonymous_31)
FNDA:0,(anonymous_32)
FNDA:0,(anonymous_33)
FNDA:0,(anonymous_34)
FNDA:0,(anonymous_35)
FNDA:0,(anonymous_36)
FNDA:0,(anonymous_37)
FNDA:0,(anonymous_38)
FNDA:0,(anonymous_39)
FNDA:0,safeDynamicImport
DA:6,0
DA:7,0
DA:12,0
DA:16,0
DA:17,0
DA:20,0
DA:21,0
DA:22,0
DA:25,0
DA:26,0
DA:27,0
DA:29,0
DA:30,0
DA:31,0
DA:33,0
DA:37,0
DA:39,0
DA:40,0
DA:47,0
DA:48,0
DA:50,0
DA:58,0
DA:66,0
DA:67,0
DA:69,0
DA:71,0
DA:72,0
DA:73,0
DA:81,0
DA:82,0
DA:85,0
DA:88,0
DA:91,0
DA:92,0
DA:93,0
DA:95,0
DA:97,0
DA:101,0
DA:102,0
DA:104,0
DA:105,0
DA:107,0
DA:111,0
DA:119,0
DA:123,0
DA:124,0
DA:127,0
DA:137,0
DA:138,0
DA:140,0
DA:143,0
DA:147,0
DA:148,0
DA:156,0
DA:161,0
DA:162,0
DA:165,0
DA:166,0
DA:167,0
DA:168,0
DA:171,0
DA:172,0
DA:173,0
DA:174,0
DA:175,0
DA:176,0
DA:177,0
DA:178,0
DA:179,0
DA:180,0
DA:181,0
DA:184,0
DA:185,0
DA:193,0
DA:194,0
DA:197,0
DA:198,0
DA:199,0
DA:200,0
DA:201,0
DA:202,0
DA:203,0
DA:204,0
DA:205,0
DA:206,0
DA:208,0
DA:216,0
DA:217,0
DA:220,0
DA:221,0
DA:222,0
DA:223,0
DA:224,0
DA:225,0
DA:226,0
DA:227,0
DA:228,0
DA:231,0
DA:233,0
DA:234,0
DA:242,0
DA:246,0
DA:247,0
DA:250,0
DA:251,0
DA:252,0
DA:254,0
DA:255,0
LF:108
LH:0
BRDA:16,0,0,0
BRDA:21,1,0,0
BRDA:27,2,0,0
BRDA:27,2,1,0
BRDA:91,3,0,0
BRDA:104,4,0,0
BRDA:123,5,0,0
BRDA:123,6,0,0
BRDA:123,6,1,0
BRDA:127,7,0,0
BRDA:127,7,1,0
BRDA:130,8,0,0
BRDA:130,8,1,0
BRDA:161,9,0,0
BRDA:166,10,0,0
BRDA:166,10,1,0
BRDA:166,11,0,0
BRDA:166,11,1,0
BRDA:192,12,0,0
BRDA:193,13,0,0
BRDA:216,14,0,0
BRDA:216,15,0,0
BRDA:216,15,1,0
BRDA:221,16,0,0
BRDA:221,16,1,0
BRDA:224,17,0,0
BRDA:226,18,0,0
BRDA:246,19,0,0
BRDA:246,20,0,0
BRDA:246,20,1,0
BRDA:252,21,0,0
BRDA:252,21,1,0
BRDA:252,22,0,0
BRDA:252,22,1,0
BRDA:252,22,2,0
BRF:35
BRH:0
end_of_record
TN:
SF:src\lib\utils\type-converters.ts
FN:37,userFromDatabase
FN:54,userToDatabase
FN:71,reservationFromDatabase
FN:90,reservationToDatabase
FN:109,publicReservationFromDatabase
FN:127,publicReservationToDatabase
FN:145,reservationToInsert
FN:161,reservationFromInsert
FN:177,reservationToUpdate
FN:193,reservationFromUpdate
FN:213,usersFromDatabase
FN:220,usersToDatabase
FN:227,reservationsFromDatabase
FN:234,reservationsToDatabase
FN:241,publicReservationsFromDatabase
FN:248,publicReservationsToDatabase
FN:259,safeUserFromDatabase
FN:274,safeReservationFromDatabase
FN:289,safePublicReservationFromDatabase
FN:323,validateDatabaseUserId
FN:338,validateAuthId
FNF:21
FNH:0
FNDA:0,userFromDatabase
FNDA:0,userToDatabase
FNDA:0,reservationFromDatabase
FNDA:0,reservationToDatabase
FNDA:0,publicReservationFromDatabase
FNDA:0,publicReservationToDatabase
FNDA:0,reservationToInsert
FNDA:0,reservationFromInsert
FNDA:0,reservationToUpdate
FNDA:0,reservationFromUpdate
FNDA:0,usersFromDatabase
FNDA:0,usersToDatabase
FNDA:0,reservationsFromDatabase
FNDA:0,reservationsToDatabase
FNDA:0,publicReservationsFromDatabase
FNDA:0,publicReservationsToDatabase
FNDA:0,safeUserFromDatabase
FNDA:0,safeReservationFromDatabase
FNDA:0,safePublicReservationFromDatabase
FNDA:0,validateDatabaseUserId
FNDA:0,validateAuthId
DA:28,0
DA:38,0
DA:55,0
DA:72,0
DA:91,0
DA:110,0
DA:128,0
DA:146,0
DA:162,0
DA:178,0
DA:194,0
DA:214,0
DA:221,0
DA:228,0
DA:235,0
DA:242,0
DA:248,0
DA:249,0
DA:259,0
DA:260,0
DA:261,0
DA:262,0
DA:264,0
DA:274,0
DA:275,0
DA:276,0
DA:277,0
DA:279,0
DA:289,0
DA:290,0
DA:291,0
DA:292,0
DA:294,0
DA:308,0
DA:323,0
DA:324,0
DA:325,0
DA:326,0
DA:328,0
DA:338,0
DA:339,0
DA:340,0
DA:341,0
DA:343,0
DA:356,0
DA:357,0
DA:358,0
DA:359,0
DA:360,0
DA:361,0
DA:362,0
DA:363,0
DA:364,0
DA:365,0
DA:368,0
DA:369,0
DA:370,0
DA:371,0
DA:372,0
LF:59
LH:0
BRDA:180,0,0,0
BRDA:180,0,1,0
BRDA:196,1,0,0
BRDA:196,1,1,0
BRDA:266,2,0,0
BRDA:266,2,1,0
BRDA:281,3,0,0
BRDA:281,3,1,0
BRDA:296,4,0,0
BRDA:296,4,1,0
BRDA:330,5,0,0
BRDA:330,5,1,0
BRDA:345,6,0,0
BRDA:345,6,1,0
BRF:14
BRH:0
end_of_record
TN:
SF:src\lib\utils\window-close.ts
FN:35,detectBrowserEnvironment
FN:75,checkWindowClosed
FN:76,(anonymous_7)
FN:80,(anonymous_8)
FN:83,(anonymous_9)
FN:93,(anonymous_10)
FN:107,(anonymous_11)
FN:108,(anonymous_12)
FN:117,(anonymous_13)
FN:125,attemptWindowClose
FN:159,(anonymous_15)
FN:221,(anonymous_16)
FN:282,(anonymous_17)
FN:304,(anonymous_18)
FN:341,closeWindow
FN:355,(anonymous_20)
FN:374,(anonymous_21)
FN:395,monitorWindowClose
FN:399,(anonymous_23)
FN:408,(anonymous_24)
FN:414,notifyParentWindow
FN:436,cleanupBeforeClose
FN:445,(anonymous_27)
FNF:23
FNH:0
FNDA:0,detectBrowserEnvironment
FNDA:0,checkWindowClosed
FNDA:0,(anonymous_7)
FNDA:0,(anonymous_8)
FNDA:0,(anonymous_9)
FNDA:0,(anonymous_10)
FNDA:0,(anonymous_11)
FNDA:0,(anonymous_12)
FNDA:0,(anonymous_13)
FNDA:0,attemptWindowClose
FNDA:0,(anonymous_15)
FNDA:0,(anonymous_16)
FNDA:0,(anonymous_17)
FNDA:0,(anonymous_18)
FNDA:0,closeWindow
FNDA:0,(anonymous_20)
FNDA:0,(anonymous_21)
FNDA:0,monitorWindowClose
FNDA:0,(anonymous_23)
FNDA:0,(anonymous_24)
FNDA:0,notifyParentWindow
FNDA:0,cleanupBeforeClose
FNDA:0,(anonymous_27)
DA:36,0
DA:37,0
DA:41,0
DA:44,0
DA:49,0
DA:50,0
DA:51,0
DA:52,0
DA:53,0
DA:54,0
DA:56,0
DA:76,0
DA:78,0
DA:80,0
DA:84,0
DA:85,0
DA:86,0
DA:88,0
DA:94,0
DA:95,0
DA:96,0
DA:97,0
DA:99,0
DA:101,0
DA:107,0
DA:108,0
DA:109,0
DA:110,0
DA:112,0
DA:117,0
DA:126,0
DA:128,0
DA:129,0
DA:138,0
DA:139,0
DA:140,0
DA:142,0
DA:143,0
DA:150,0
DA:154,0
DA:155,0
DA:157,0
DA:158,0
DA:159,0
DA:161,0
DA:162,0
DA:163,0
DA:171,0
DA:175,0
DA:176,0
DA:178,0
DA:179,0
DA:180,0
DA:181,0
DA:184,0
DA:185,0
DA:186,0
DA:193,0
DA:197,0
DA:198,0
DA:201,0
DA:203,0
DA:204,0
DA:205,0
DA:212,0
DA:216,0
DA:217,0
DA:219,0
DA:220,0
DA:221,0
DA:223,0
DA:224,0
DA:225,0
DA:233,0
DA:237,0
DA:238,0
DA:240,0
DA:242,0
DA:243,0
DA:244,0
DA:251,0
DA:256,0
DA:257,0
DA:261,0
DA:262,0
DA:264,0
DA:265,0
DA:266,0
DA:275,0
DA:277,0
DA:279,0
DA:280,0
DA:281,0
DA:282,0
DA:284,0
DA:285,0
DA:286,0
DA:294,0
DA:298,0
DA:300,0
DA:302,0
DA:303,0
DA:304,0
DA:306,0
DA:307,0
DA:308,0
DA:316,0
DA:321,0
DA:326,0
DA:341,0
DA:351,0
DA:354,0
DA:355,0
DA:361,0
DA:362,0
DA:364,0
DA:366,0
DA:367,0
DA:368,0
DA:369,0
DA:373,0
DA:374,0
DA:379,0
DA:381,0
DA:388,0
DA:389,0
DA:395,0
DA:399,0
DA:400,0
DA:401,0
DA:402,0
DA:403,0
DA:408,0
DA:414,0
DA:415,0
DA:416,0
DA:417,0
DA:418,0
DA:421,0
DA:422,0
DA:423,0
DA:426,0
DA:428,0
DA:429,0
DA:436,0
DA:437,0
DA:439,0
DA:440,0
DA:443,0
DA:445,0
DA:446,0
DA:449,0
DA:450,0
DA:451,0
DA:452,0
DA:460,0
DA:463,0
LF:157
LH:0
BRDA:36,0,0,0
BRDA:41,1,0,0
BRDA:41,1,1,0
BRDA:49,2,0,0
BRDA:49,2,1,0
BRDA:51,3,0,0
BRDA:51,3,1,0
BRDA:51,3,2,0
BRDA:58,4,0,0
BRDA:58,4,1,0
BRDA:95,5,0,0
BRDA:128,6,0,0
BRDA:142,7,0,0
BRDA:154,8,0,0
BRDA:154,9,0,0
BRDA:154,9,1,0
BRDA:154,9,2,0
BRDA:157,10,0,0
BRDA:162,11,0,0
BRDA:175,12,0,0
BRDA:175,13,0,0
BRDA:175,13,1,0
BRDA:178,14,0,0
BRDA:178,14,1,0
BRDA:180,15,0,0
BRDA:185,16,0,0
BRDA:197,17,0,0
BRDA:197,18,0,0
BRDA:197,18,1,0
BRDA:204,19,0,0
BRDA:216,20,0,0
BRDA:216,21,0,0
BRDA:216,21,1,0
BRDA:219,22,0,0
BRDA:224,23,0,0
BRDA:237,24,0,0
BRDA:237,25,0,0
BRDA:237,25,1,0
BRDA:243,26,0,0
BRDA:256,27,0,0
BRDA:261,28,0,0
BRDA:265,29,0,0
BRDA:277,30,0,0
BRDA:277,31,0,0
BRDA:277,31,1,0
BRDA:280,32,0,0
BRDA:285,33,0,0
BRDA:298,34,0,0
BRDA:302,35,0,0
BRDA:307,36,0,0
BRDA:342,37,0,0
BRDA:346,38,0,0
BRDA:347,39,0,0
BRDA:348,40,0,0
BRDA:349,41,0,0
BRDA:350,42,0,0
BRDA:354,43,0,0
BRDA:366,44,0,0
BRDA:373,45,0,0
BRDA:397,46,0,0
BRDA:401,47,0,0
BRDA:414,48,0,0
BRDA:416,49,0,0
BRDA:416,50,0,0
BRDA:416,50,1,0
BRDA:421,51,0,0
BRDA:421,52,0,0
BRDA:421,52,1,0
BRDA:443,53,0,0
BRF:69
BRH:0
end_of_record
TN:
SF:src\lib\validations\schemas.ts
FN:93,(anonymous_31)
FN:106,(anonymous_32)
FN:114,(anonymous_33)
FN:170,(anonymous_34)
FN:196,(anonymous_35)
FN:240,(anonymous_36)
FN:243,(anonymous_37)
FN:256,(anonymous_38)
FN:263,(anonymous_39)
FN:270,(anonymous_40)
FN:282,(anonymous_41)
FN:313,createPaginatedResponseSchema
FNF:12
FNH:0
FNDA:0,(anonymous_31)
FNDA:0,(anonymous_32)
FNDA:0,(anonymous_33)
FNDA:0,(anonymous_34)
FNDA:0,(anonymous_35)
FNDA:0,(anonymous_36)
FNDA:0,(anonymous_37)
FNDA:0,(anonymous_38)
FNDA:0,(anonymous_39)
FNDA:0,(anonymous_40)
FNDA:0,(anonymous_41)
FNDA:0,createPaginatedResponseSchema
DA:1,0
DA:2,0
DA:5,0
DA:6,0
DA:9,0
DA:14,0
DA:20,0
DA:32,0
DA:41,0
DA:45,0
DA:47,0
DA:59,0
DA:71,0
DA:74,0
DA:87,0
DA:93,0
DA:98,0
DA:106,0
DA:113,0
DA:115,0
DA:116,0
DA:118,0
DA:128,0
DA:136,0
DA:143,0
DA:151,0
DA:156,0
DA:163,0
DA:170,0
DA:177,0
DA:187,0
DA:192,0
DA:196,0
DA:224,0
DA:234,0
DA:240,0
DA:243,0
DA:257,0
DA:258,0
DA:259,0
DA:264,0
DA:265,0
DA:266,0
DA:271,0
DA:272,0
DA:273,0
DA:282,0
DA:283,0
DA:284,0
DA:285,0
DA:293,0
DA:302,0
DA:313,0
DA:314,0
DA:323,0
DA:338,0
DA:340,0
LF:57
LH:0
BRDA:115,0,0,0
BRDA:115,1,0,0
BRDA:115,1,1,0
BRDA:266,2,0,0
BRDA:266,2,1,0
BRDA:284,3,0,0
BRDA:284,3,1,0
BRF:7
BRH:0
end_of_record
TN:
SF:src\types\enhanced-types.ts
FN:26,createAuthId
FN:36,createDatabaseUserId
FN:46,isValidUUID
FN:316,isAuthId
FN:324,isDatabaseUserId
FN:331,authIdToString
FN:338,databaseUserIdToString
FN:345,toAuthId
FN:355,toDatabaseUserId
FNF:9
FNH:0
FNDA:0,createAuthId
FNDA:0,createDatabaseUserId
FNDA:0,isValidUUID
FNDA:0,isAuthId
FNDA:0,isDatabaseUserId
FNDA:0,authIdToString
FNDA:0,databaseUserIdToString
FNDA:0,toAuthId
FNDA:0,toDatabaseUserId
DA:26,0
DA:27,0
DA:28,0
DA:30,0
DA:36,0
DA:37,0
DA:38,0
DA:40,0
DA:48,0
DA:49,0
DA:316,0
DA:317,0
DA:324,0
DA:325,0
DA:331,0
DA:332,0
DA:338,0
DA:339,0
DA:345,0
DA:346,0
DA:347,0
DA:349,0
DA:355,0
DA:356,0
DA:357,0
DA:359,0
LF:26
LH:0
BRDA:27,0,0,0
BRDA:37,1,0,0
BRDA:317,2,0,0
BRDA:317,2,1,0
BRDA:325,3,0,0
BRDA:325,3,1,0
BRDA:346,4,0,0
BRDA:356,5,0,0
BRF:8
BRH:0
end_of_record
TN:
SF:src\types\pagination.ts
FN:122,validatePaginationParams
FN:188,calculatePaginationMetadata
FN:212,createPaginatedResponse
FN:238,extractPaginationFromSearchParams
FN:292,createPaginationControls
FN:311,(anonymous_13)
FN:317,(anonymous_14)
FN:322,(anonymous_15)
FN:326,(anonymous_16)
FN:330,(anonymous_17)
FN:334,(anonymous_18)
FN:339,(anonymous_19)
FN:344,(anonymous_20)
FN:350,(anonymous_21)
FNF:14
FNH:0
FNDA:0,validatePaginationParams
FNDA:0,calculatePaginationMetadata
FNDA:0,createPaginatedResponse
FNDA:0,extractPaginationFromSearchParams
FNDA:0,createPaginationControls
FNDA:0,(anonymous_13)
FNDA:0,(anonymous_14)
FNDA:0,(anonymous_15)
FNDA:0,(anonymous_16)
FNDA:0,(anonymous_17)
FNDA:0,(anonymous_18)
FNDA:0,(anonymous_19)
FNDA:0,(anonymous_20)
FNDA:0,(anonymous_21)
DA:68,0
DA:84,0
DA:122,0
DA:134,0
DA:135,0
DA:136,0
DA:139,0
DA:140,0
DA:141,0
DA:142,0
DA:144,0
DA:145,0
DA:146,0
DA:150,0
DA:151,0
DA:152,0
DA:153,0
DA:157,0
DA:158,0
DA:159,0
DA:163,0
DA:164,0
DA:165,0
DA:166,0
DA:170,0
DA:172,0
DA:188,0
DA:194,0
DA:195,0
DA:196,0
DA:198,0
DA:212,0
DA:220,0
DA:227,0
DA:238,0
DA:242,0
DA:244,0
DA:245,0
DA:246,0
DA:247,0
DA:248,0
DA:250,0
DA:292,0
DA:299,0
DA:308,0
DA:310,0
DA:312,0
DA:313,0
DA:314,0
DA:315,0
DA:318,0
DA:319,0
DA:320,0
DA:323,0
DA:324,0
DA:327,0
DA:328,0
DA:331,0
DA:332,0
DA:335,0
DA:336,0
DA:337,0
DA:340,0
DA:341,0
DA:342,0
DA:345,0
DA:346,0
DA:347,0
DA:348,0
DA:351,0
DA:355,0
LF:71
LH:0
BRDA:135,0,0,0
BRDA:135,0,1,0
BRDA:139,1,0,0
BRDA:139,1,1,0
BRDA:140,2,0,0
BRDA:144,3,0,0
BRDA:150,4,0,0
BRDA:150,4,1,0
BRDA:151,5,0,0
BRDA:157,6,0,0
BRDA:157,6,1,0
BRDA:158,7,0,0
BRDA:158,8,0,0
BRDA:158,8,1,0
BRDA:164,9,0,0
BRDA:164,10,0,0
BRDA:164,10,1,0
BRDA:164,10,2,0
BRDA:170,11,0,0
BRDA:170,11,1,0
BRDA:242,12,0,0
BRDA:242,12,1,0
BRDA:251,13,0,0
BRDA:251,13,1,0
BRDA:252,14,0,0
BRDA:252,14,1,0
BRDA:253,15,0,0
BRDA:253,15,1,0
BRDA:254,16,0,0
BRDA:254,16,1,0
BRDA:254,16,2,0
BRDA:255,17,0,0
BRDA:255,17,1,0
BRDA:312,18,0,0
BRDA:312,18,1,0
BRF:35
BRH:0
end_of_record
